
> simpi@0.0.0 web
> export NODE_OPTIONS=--openssl-legacy-provider && ng serve --project=simpi-frontend-web --host 0.0.0.0


Warning: This is a simple server for use in testing or debugging Angular applications
locally. It hasn't been reviewed for security issues.

Binding this server to an open connection can result in compromising your application or
computer. Using a different host than the one passed to the "--host" flag might result in
websocket connection issues. You might need to use "--disable-host-check" if that's the
case.
    
One or more browsers which are configured in the project's Browserslist configuration will be ignored as ES5 output is not supported by the Angular CLI.
Ignored browsers: kaios 2.5, op_mini all
- Generating browser application bundles (phase: setup)...
✔ Browser application bundle generation complete.

Initial chunk files                                                                                     | Names                      |  Raw size
vendor.js                                                                                               | vendor                     |   6.81 MB | 
main.js                                                                                                 | main                       |   1.51 MB | 
styles.css, styles.js                                                                                   | styles                     | 345.12 kB | 
polyfills.js                                                                                            | polyfills                  | 275.74 kB | 
runtime.js                                                                                              | runtime                    |  12.94 kB | 

                                                                                                        | Initial total              |   8.96 MB

Lazy chunk files                                                                                        | Names                      |  Raw size
projects_simpi-frontend-web_src_app_steps_steps_module_ts.js                                            | steps-steps-module         | 303.12 kB | 
projects_simpi-frontend-web_src_app_products_products_module_ts.js                                      | products-products-module   | 163.69 kB | 
projects_simpi-frontend-web_src_app_resources_resources_module_ts.js                                    | resources-resources-module | 112.48 kB | 
projects_simpi-frontend-web_src_app_analytics_analytics_module_ts.js                                    | analytics-analytics-module |  59.31 kB | 
projects_simpi-frontend-web_src_app_simpis_simpis_module_ts.js                                          | simpis-simpis-module       |  53.94 kB | 
default-projects_simpi-frontend-web_src_app_resources_components_asset-add-modal_asset-add-mo-ecbd4e.js | resources-resources-module |  45.85 kB | 
default-projects_simpi-frontend-web_src_app_products_container_product-settings-page_product--60e4f4.js | products-products-module   |  44.65 kB | 
projects_simpi-frontend-web_src_app_cockpit_cockpit_module_ts.js                                        | cockpit-cockpit-module     |  37.75 kB | 
projects_simpi-frontend-web_src_app_users_users_module_ts.js                                            | users-users-module         |  11.24 kB | 
projects_simpi-frontend-web_src_app_webPlayer_webPlayer_module_ts.js                                    | webPlayer-webPlayer-module |   3.52 kB | 

Build at: 2025-07-25T12:59:51.517Z - Hash: af65ea2a16238947 - Time: 8765ms

Warning: /Users/jochenhildebrandt/code/100_simpi-frontend/simpi-frontend 2025-07-23/projects/simpi-frontend-web/src/app/shared/components/modals/share-item-modal/share-item-modal.component.ts depends on 'qr-code-styling'. CommonJS or AMD dependencies can cause optimization bailouts.
For more info see: https://angular.dev/tools/cli/build#configuring-commonjs-dependencies



** Angular Live Development Server is listening on 0.0.0.0:4200, open your browser on http://localhost:4200/app **


✔ Compiled successfully.
✔ Browser application bundle generation complete.

Initial chunk files | Names   | Raw size
main.js             | main    |  1.51 MB | 
runtime.js          | runtime | 12.94 kB | 

13 unchanged chunks

Build at: 2025-07-25T13:25:59.423Z - Hash: 0e4e0887c2ac686d - Time: 1409ms

✔ Compiled successfully.
✔ Browser application bundle generation complete.

Initial chunk files                                                  | Names                      |  Raw size
runtime.js                                                           | runtime                    |  12.94 kB | 

Lazy chunk files                                                     | Names                      |  Raw size
projects_simpi-frontend-web_src_app_resources_resources_module_ts.js | resources-resources-module | 112.55 kB | 

13 unchanged chunks

Build at: 2025-07-25T13:30:17.999Z - Hash: 683cf1fb07da052c - Time: 887ms

✔ Compiled successfully.
✔ Browser application bundle generation complete.

Initial chunk files | Names   | Raw size
runtime.js          | runtime | 12.94 kB | 

14 unchanged chunks

Build at: 2025-07-25T13:30:29.626Z - Hash: 42eb66251911067c - Time: 748ms

✔ Compiled successfully.
✔ Browser application bundle generation complete.

Initial chunk files                                                                                     | Names                      |  Raw size
runtime.js                                                                                              | runtime                    |  12.94 kB | 

Lazy chunk files                                                                                        | Names                      |  Raw size
projects_simpi-frontend-web_src_app_steps_steps_module_ts.js                                            | steps-steps-module         | 303.12 kB | 
projects_simpi-frontend-web_src_app_resources_resources_module_ts.js                                    | resources-resources-module | 112.55 kB | 
default-projects_simpi-frontend-web_src_app_resources_components_asset-add-modal_asset-add-mo-ecbd4e.js | resources-resources-module |  46.11 kB | 

11 unchanged chunks

Build at: 2025-07-25T13:30:50.469Z - Hash: beec1964a4d2d5f6 - Time: 567ms

✔ Compiled successfully.
✔ Browser application bundle generation complete.

Initial chunk files                                                  | Names                      |  Raw size
runtime.js                                                           | runtime                    |  12.94 kB | 

Lazy chunk files                                                     | Names                      |  Raw size
projects_simpi-frontend-web_src_app_resources_resources_module_ts.js | resources-resources-module | 112.61 kB | 

13 unchanged chunks

Build at: 2025-07-25T13:30:58.505Z - Hash: cc1592cc9cbddc16 - Time: 443ms

✔ Compiled successfully.
✔ Browser application bundle generation complete.

Initial chunk files                                          | Names              |  Raw size
vendor.js                                                    | vendor             |   6.81 MB | 
main.js                                                      | main               |   1.51 MB | 
runtime.js                                                   | runtime            |  12.94 kB | 

Lazy chunk files                                             | Names              |  Raw size
projects_simpi-frontend-web_src_app_steps_steps_module_ts.js | steps-steps-module | 303.12 kB | 

11 unchanged chunks

Build at: 2025-07-25T13:33:26.141Z - Hash: 464f3807dcd7fdc3 - Time: 1710ms

✔ Compiled successfully.
✔ Browser application bundle generation complete.



15 unchanged chunks

Build at: 2025-07-25T13:33:27.658Z - Hash: 464f3807dcd7fdc3 - Time: 1441ms

✔ Compiled successfully.
✔ Browser application bundle generation complete.

Initial chunk files                                                                                     | Names                      |  Raw size
main.js                                                                                                 | main                       |   1.51 MB | 
runtime.js                                                                                              | runtime                    |  12.94 kB | 

Lazy chunk files                                                                                        | Names                      |  Raw size
projects_simpi-frontend-web_src_app_steps_steps_module_ts.js                                            | steps-steps-module         | 303.12 kB | 
projects_simpi-frontend-web_src_app_products_products_module_ts.js                                      | products-products-module   | 163.69 kB | 
projects_simpi-frontend-web_src_app_resources_resources_module_ts.js                                    | resources-resources-module | 112.61 kB | 
projects_simpi-frontend-web_src_app_analytics_analytics_module_ts.js                                    | analytics-analytics-module |  59.31 kB | 
projects_simpi-frontend-web_src_app_simpis_simpis_module_ts.js                                          | simpis-simpis-module       |  53.94 kB | 
default-projects_simpi-frontend-web_src_app_resources_components_asset-add-modal_asset-add-mo-ecbd4e.js | resources-resources-module |  46.11 kB | 
default-projects_simpi-frontend-web_src_app_products_container_product-settings-page_product--60e4f4.js | products-products-module   |  44.65 kB | 
projects_simpi-frontend-web_src_app_cockpit_cockpit_module_ts.js                                        | cockpit-cockpit-module     |  37.75 kB | 
projects_simpi-frontend-web_src_app_users_users_module_ts.js                                            | users-users-module         |  11.24 kB | 

4 unchanged chunks

Build at: 2025-07-25T13:33:29.671Z - Hash: 890120385ce54a19 - Time: 1802ms

✔ Compiled successfully.
✔ Browser application bundle generation complete.

Initial chunk files                                                | Names                    |  Raw size
runtime.js                                                         | runtime                  |  12.94 kB | 

Lazy chunk files                                                   | Names                    |  Raw size
projects_simpi-frontend-web_src_app_products_products_module_ts.js | products-products-module | 163.69 kB | 

13 unchanged chunks

Build at: 2025-07-25T13:46:21.439Z - Hash: 1f5a57a11d7c538f - Time: 1005ms

✔ Compiled successfully.
✔ Browser application bundle generation complete.

Initial chunk files                                                | Names                    |  Raw size
runtime.js                                                         | runtime                  |  12.94 kB | 

Lazy chunk files                                                   | Names                    |  Raw size
projects_simpi-frontend-web_src_app_products_products_module_ts.js | products-products-module | 163.69 kB | 

13 unchanged chunks

Build at: 2025-07-25T13:46:26.426Z - Hash: a62772f0b411ef7e - Time: 380ms

✔ Compiled successfully.
✔ Browser application bundle generation complete.

Initial chunk files                                                | Names                    |  Raw size
runtime.js                                                         | runtime                  |  12.94 kB | 

Lazy chunk files                                                   | Names                    |  Raw size
projects_simpi-frontend-web_src_app_products_products_module_ts.js | products-products-module | 164.08 kB | 

13 unchanged chunks

Build at: 2025-07-25T13:46:33.794Z - Hash: 604624bcc40c9b30 - Time: 468ms

✔ Compiled successfully.
✔ Browser application bundle generation complete.

Initial chunk files                                                | Names                    |  Raw size
runtime.js                                                         | runtime                  |  12.94 kB | 

Lazy chunk files                                                   | Names                    |  Raw size
projects_simpi-frontend-web_src_app_products_products_module_ts.js | products-products-module | 166.43 kB | 

13 unchanged chunks

Build at: 2025-07-25T13:47:44.059Z - Hash: 2c1fa68fcec8064f - Time: 384ms

✔ Compiled successfully.
✔ Browser application bundle generation complete.

Initial chunk files                                                | Names                    |  Raw size
runtime.js                                                         | runtime                  |  12.94 kB | 

Lazy chunk files                                                   | Names                    |  Raw size
projects_simpi-frontend-web_src_app_products_products_module_ts.js | products-products-module | 167.19 kB | 

13 unchanged chunks

Build at: 2025-07-25T13:47:53.138Z - Hash: 4214668e56d51bd5 - Time: 320ms

✔ Compiled successfully.
✔ Browser application bundle generation complete.

Initial chunk files                                                | Names                    |  Raw size
runtime.js                                                         | runtime                  |  12.94 kB | 

Lazy chunk files                                                   | Names                    |  Raw size
projects_simpi-frontend-web_src_app_products_products_module_ts.js | products-products-module | 167.36 kB | 

13 unchanged chunks

Build at: 2025-07-25T13:47:58.131Z - Hash: 70873c4e781ec136 - Time: 323ms

✔ Compiled successfully.
✔ Browser application bundle generation complete.

Initial chunk files                                                | Names                    |  Raw size
runtime.js                                                         | runtime                  |  12.94 kB | 

Lazy chunk files                                                   | Names                    |  Raw size
projects_simpi-frontend-web_src_app_products_products_module_ts.js | products-products-module | 167.36 kB | 

13 unchanged chunks

Build at: 2025-07-25T13:48:03.986Z - Hash: 544be2257250a012 - Time: 353ms

✔ Compiled successfully.
✔ Browser application bundle generation complete.

Initial chunk files                                                | Names                    |  Raw size
runtime.js                                                         | runtime                  |  12.94 kB | 

Lazy chunk files                                                   | Names                    |  Raw size
projects_simpi-frontend-web_src_app_products_products_module_ts.js | products-products-module | 167.36 kB | 

13 unchanged chunks

Build at: 2025-07-25T13:48:07.862Z - Hash: 7003b8476c509157 - Time: 337ms

✔ Compiled successfully.
✔ Browser application bundle generation complete.

Initial chunk files                                                | Names                    |  Raw size
runtime.js                                                         | runtime                  |  12.94 kB | 

Lazy chunk files                                                   | Names                    |  Raw size
projects_simpi-frontend-web_src_app_products_products_module_ts.js | products-products-module | 168.51 kB | 

13 unchanged chunks

Build at: 2025-07-25T13:48:19.884Z - Hash: 041c98866b9915d7 - Time: 393ms

✔ Compiled successfully.
✔ Browser application bundle generation complete.

Initial chunk files                                                | Names                    |  Raw size
runtime.js                                                         | runtime                  |  12.94 kB | 

Lazy chunk files                                                   | Names                    |  Raw size
projects_simpi-frontend-web_src_app_products_products_module_ts.js | products-products-module | 169.19 kB | 

13 unchanged chunks

Build at: 2025-07-25T13:48:39.423Z - Hash: 65e3bd68f5557fba - Time: 490ms

✔ Compiled successfully.
✔ Browser application bundle generation complete.

Initial chunk files                                                | Names                    |  Raw size
runtime.js                                                         | runtime                  |  12.94 kB | 

Lazy chunk files                                                   | Names                    |  Raw size
projects_simpi-frontend-web_src_app_products_products_module_ts.js | products-products-module | 175.85 kB | 

13 unchanged chunks

Build at: 2025-07-25T13:48:56.011Z - Hash: 2f30a554b64b0518 - Time: 1069ms

✔ Compiled successfully.
✔ Browser application bundle generation complete.

Initial chunk files                                                | Names                    |  Raw size
runtime.js                                                         | runtime                  |  12.94 kB | 

Lazy chunk files                                                   | Names                    |  Raw size
projects_simpi-frontend-web_src_app_products_products_module_ts.js | products-products-module | 176.36 kB | 

13 unchanged chunks

Build at: 2025-07-25T14:00:56.987Z - Hash: 4d8a2f25e14a95e9 - Time: 601ms

✔ Compiled successfully.
✔ Browser application bundle generation complete.

Initial chunk files                                                | Names                    |  Raw size
runtime.js                                                         | runtime                  |  12.94 kB | 

Lazy chunk files                                                   | Names                    |  Raw size
projects_simpi-frontend-web_src_app_products_products_module_ts.js | products-products-module | 177.33 kB | 

13 unchanged chunks

Build at: 2025-07-25T14:01:26.932Z - Hash: e209f8a80284bf9c - Time: 556ms

✔ Compiled successfully.
✔ Browser application bundle generation complete.

Initial chunk files                                                | Names                    |  Raw size
runtime.js                                                         | runtime                  |  12.94 kB | 

Lazy chunk files                                                   | Names                    |  Raw size
projects_simpi-frontend-web_src_app_products_products_module_ts.js | products-products-module | 178.75 kB | 

13 unchanged chunks

Build at: 2025-07-25T14:01:41.993Z - Hash: 9dc7652e65f53595 - Time: 482ms

✔ Compiled successfully.
✔ Browser application bundle generation complete.

Initial chunk files                                                | Names                    |  Raw size
runtime.js                                                         | runtime                  |  12.94 kB | 

Lazy chunk files                                                   | Names                    |  Raw size
projects_simpi-frontend-web_src_app_products_products_module_ts.js | products-products-module | 177.23 kB | 

13 unchanged chunks

Build at: 2025-07-25T14:11:42.730Z - Hash: f6fcb79a187f19a2 - Time: 823ms

✔ Compiled successfully.
✔ Browser application bundle generation complete.

Initial chunk files | Names   | Raw size
main.js             | main    |  1.51 MB | 
runtime.js          | runtime | 12.94 kB | 

13 unchanged chunks

Build at: 2025-07-25T16:59:34.684Z - Hash: 22f58841ed62d98c - Time: 3146ms

✔ Compiled successfully.
✔ Browser application bundle generation complete.

Initial chunk files                                          | Names              |  Raw size
runtime.js                                                   | runtime            |  12.94 kB | 

Lazy chunk files                                             | Names              |  Raw size
projects_simpi-frontend-web_src_app_steps_steps_module_ts.js | steps-steps-module | 303.25 kB | 

13 unchanged chunks

Build at: 2025-07-25T17:01:49.846Z - Hash: 5b80991ed7d739c8 - Time: 1211ms

✔ Compiled successfully.
✔ Browser application bundle generation complete.

Initial chunk files                                          | Names              |  Raw size
runtime.js                                                   | runtime            |  12.94 kB | 

Lazy chunk files                                             | Names              |  Raw size
projects_simpi-frontend-web_src_app_steps_steps_module_ts.js | steps-steps-module | 304.30 kB | 

13 unchanged chunks

Build at: 2025-07-25T17:01:56.320Z - Hash: 5c04c93012bbcf3b - Time: 425ms

✔ Compiled successfully.
✔ Browser application bundle generation complete.

Initial chunk files                                          | Names              |  Raw size
runtime.js                                                   | runtime            |  12.94 kB | 

Lazy chunk files                                             | Names              |  Raw size
projects_simpi-frontend-web_src_app_steps_steps_module_ts.js | steps-steps-module | 304.72 kB | 

13 unchanged chunks

Build at: 2025-07-25T17:02:10.249Z - Hash: 29afea436644c9ed - Time: 756ms

Error: [96mprojects/simpi-frontend-web/src/app/steps/container/steps-overview-page/steps-overview-page.component.html[0m:[93m40[0m:[93m27[0m - [91merror[0m[90m TS2339: [0mProperty 'onBatchUploadSteps' does not exist on type 'StepsOverviewPageComponent'.

[7m40[0m       (batchUploadSteps)="onBatchUploadSteps()"
[7m  [0m [91m                          ~~~~~~~~~~~~~~~~~~[0m

  [96mprojects/simpi-frontend-web/src/app/steps/container/steps-overview-page/steps-overview-page.component.ts[0m:[93m52[0m:[93m16[0m
    [7m52[0m   templateUrl: './steps-overview-page.component.html',
    [7m  [0m [96m               ~~~~~~~~~~~~~~~~~~~~~~~~~~~~~~~~~~~~~~[0m
    Error occurs in the template of component StepsOverviewPageComponent.




✖ Failed to compile.
✔ Browser application bundle generation complete.

Initial chunk files                                          | Names              |  Raw size
runtime.js                                                   | runtime            |  12.94 kB | 

Lazy chunk files                                             | Names              |  Raw size
projects_simpi-frontend-web_src_app_steps_steps_module_ts.js | steps-steps-module | 304.88 kB | 

13 unchanged chunks

Build at: 2025-07-25T17:02:41.130Z - Hash: 2cd427d6cac99115 - Time: 716ms

✔ Compiled successfully.
✔ Browser application bundle generation complete.

Initial chunk files                                                  | Names                      | Raw size
main.js                                                              | main                       |  1.51 MB | 
runtime.js                                                           | runtime                    | 12.94 kB | 

Lazy chunk files                                                     | Names                      | Raw size
projects_simpi-frontend-web_src_app_analytics_analytics_module_ts.js | analytics-analytics-module | 59.31 kB | 
projects_simpi-frontend-web_src_app_simpis_simpis_module_ts.js       | simpis-simpis-module       | 53.94 kB | 
projects_simpi-frontend-web_src_app_cockpit_cockpit_module_ts.js     | cockpit-cockpit-module     | 37.75 kB | 
projects_simpi-frontend-web_src_app_users_users_module_ts.js         | users-users-module         | 11.24 kB | 
projects_simpi-frontend-web_src_app_webPlayer_webPlayer_module_ts.js | webPlayer-webPlayer-module |  3.52 kB | 

8 unchanged chunks

Build at: 2025-07-25T17:02:57.651Z - Hash: e86edba992a25efc - Time: 1042ms

Error: [96mprojects/simpi-frontend-web/src/app/shared/components/batch-step-upload-modal/batch-step-upload-modal.component.html[0m:[93m14[0m:[93m5[0m - [91merror[0m[90m NG8001: [0m'sim-drag-drop-file-upload' is not a known element:
1. If 'sim-drag-drop-file-upload' is an Angular component, then verify that it is part of this module.
2. If 'sim-drag-drop-file-upload' is a Web Component then add 'CUSTOM_ELEMENTS_SCHEMA' to the '@NgModule.schemas' of this component to suppress this message.

[7m 14[0m     <sim-drag-drop-file-upload
[7m   [0m [91m    ~~~~~~~~~~~~~~~~~~~~~~~~~~[0m
[7m 15[0m       [allowMultiple]="true"
[7m   [0m [91m~~~~~~~~~~~~~~~~~~~~~~~~~~~~[0m
[7m...[0m 
[7m 18[0m       [description]="'Drag & Drop multiple videos or images here or browse using plus icon. Each file will create a new step.'"
[7m   [0m [91m~~~~~~~~~~~~~~~~~~~~~~~~~~~~~~~~~~~~~~~~~~~~~~~~~~~~~~~~~~~~~~~~~~~~~~~~~~~~~~~~~~~~~~~~~~~~~~~~~~~~~~~~~~~~~~~~~~~~~~~~~~~~~~~[0m
[7m 19[0m       (filesToUpload)="onFilesToUploadReceived($event)">
[7m   [0m [91m~~~~~~~~~~~~~~~~~~~~~~~~~~~~~~~~~~~~~~~~~~~~~~~~~~~~~~~~[0m

  [96mprojects/simpi-frontend-web/src/app/shared/components/batch-step-upload-modal/batch-step-upload-modal.component.ts[0m:[93m26[0m:[93m16[0m
    [7m26[0m   templateUrl: './batch-step-upload-modal.component.html',
    [7m  [0m [96m               ~~~~~~~~~~~~~~~~~~~~~~~~~~~~~~~~~~~~~~~~~~[0m
    Error occurs in the template of component BatchStepUploadModalComponent.


Error: [96mprojects/simpi-frontend-web/src/app/shared/components/batch-step-upload-modal/batch-step-upload-modal.component.html[0m:[93m15[0m:[93m7[0m - [91merror[0m[90m NG8002: [0mCan't bind to 'allowMultiple' since it isn't a known property of 'sim-drag-drop-file-upload'.
1. If 'sim-drag-drop-file-upload' is an Angular component and it has 'allowMultiple' input, then verify that it is part of this module.
2. If 'sim-drag-drop-file-upload' is a Web Component then add 'CUSTOM_ELEMENTS_SCHEMA' to the '@NgModule.schemas' of this component to suppress this message.
3. To allow any property add 'NO_ERRORS_SCHEMA' to the '@NgModule.schemas' of this component.

[7m15[0m       [allowMultiple]="true"
[7m  [0m [91m      ~~~~~~~~~~~~~~~~~~~~~~[0m

  [96mprojects/simpi-frontend-web/src/app/shared/components/batch-step-upload-modal/batch-step-upload-modal.component.ts[0m:[93m26[0m:[93m16[0m
    [7m26[0m   templateUrl: './batch-step-upload-modal.component.html',
    [7m  [0m [96m               ~~~~~~~~~~~~~~~~~~~~~~~~~~~~~~~~~~~~~~~~~~[0m
    Error occurs in the template of component BatchStepUploadModalComponent.


Error: [96mprojects/simpi-frontend-web/src/app/shared/components/batch-step-upload-modal/batch-step-upload-modal.component.html[0m:[93m16[0m:[93m7[0m - [91merror[0m[90m NG8002: [0mCan't bind to 'allowedMimeTypes' since it isn't a known property of 'sim-drag-drop-file-upload'.
1. If 'sim-drag-drop-file-upload' is an Angular component and it has 'allowedMimeTypes' input, then verify that it is part of this module.
2. If 'sim-drag-drop-file-upload' is a Web Component then add 'CUSTOM_ELEMENTS_SCHEMA' to the '@NgModule.schemas' of this component to suppress this message.
3. To allow any property add 'NO_ERRORS_SCHEMA' to the '@NgModule.schemas' of this component.

[7m16[0m       [allowedMimeTypes]="'image/*,video/*'"
[7m  [0m [91m      ~~~~~~~~~~~~~~~~~~~~~~~~~~~~~~~~~~~~~~[0m

  [96mprojects/simpi-frontend-web/src/app/shared/components/batch-step-upload-modal/batch-step-upload-modal.component.ts[0m:[93m26[0m:[93m16[0m
    [7m26[0m   templateUrl: './batch-step-upload-modal.component.html',
    [7m  [0m [96m               ~~~~~~~~~~~~~~~~~~~~~~~~~~~~~~~~~~~~~~~~~~[0m
    Error occurs in the template of component BatchStepUploadModalComponent.


Error: [96mprojects/simpi-frontend-web/src/app/shared/components/batch-step-upload-modal/batch-step-upload-modal.component.html[0m:[93m18[0m:[93m7[0m - [91merror[0m[90m NG8002: [0mCan't bind to 'description' since it isn't a known property of 'sim-drag-drop-file-upload'.
1. If 'sim-drag-drop-file-upload' is an Angular component and it has 'description' input, then verify that it is part of this module.
2. If 'sim-drag-drop-file-upload' is a Web Component then add 'CUSTOM_ELEMENTS_SCHEMA' to the '@NgModule.schemas' of this component to suppress this message.
3. To allow any property add 'NO_ERRORS_SCHEMA' to the '@NgModule.schemas' of this component.

[7m18[0m       [description]="'Drag & Drop multiple videos or images here or browse using plus icon. Each file will create a new step.'"
[7m  [0m [91m      ~~~~~~~~~~~~~~~~~~~~~~~~~~~~~~~~~~~~~~~~~~~~~~~~~~~~~~~~~~~~~~~~~~~~~~~~~~~~~~~~~~~~~~~~~~~~~~~~~~~~~~~~~~~~~~~~~~~~~~~~~[0m

  [96mprojects/simpi-frontend-web/src/app/shared/components/batch-step-upload-modal/batch-step-upload-modal.component.ts[0m:[93m26[0m:[93m16[0m
    [7m26[0m   templateUrl: './batch-step-upload-modal.component.html',
    [7m  [0m [96m               ~~~~~~~~~~~~~~~~~~~~~~~~~~~~~~~~~~~~~~~~~~[0m
    Error occurs in the template of component BatchStepUploadModalComponent.


Error: [96mprojects/simpi-frontend-web/src/app/shared/components/batch-step-upload-modal/batch-step-upload-modal.component.html[0m:[93m46[0m:[93m29[0m - [91merror[0m[90m NG8004: [0mNo pipe found with name 'titlecase'.

[7m46[0m             {{ status.key | titlecase }}: {{ getStatusCounts()[status.key] }}
[7m  [0m [91m                            ~~~~~~~~~[0m

  [96mprojects/simpi-frontend-web/src/app/shared/components/batch-step-upload-modal/batch-step-upload-modal.component.ts[0m:[93m26[0m:[93m16[0m
    [7m26[0m   templateUrl: './batch-step-upload-modal.component.html',
    [7m  [0m [96m               ~~~~~~~~~~~~~~~~~~~~~~~~~~~~~~~~~~~~~~~~~~[0m
    Error occurs in the template of component BatchStepUploadModalComponent.


Error: [96mprojects/simpi-frontend-web/src/app/shared/components/batch-step-upload-modal/batch-step-upload-modal.component.ts[0m:[93m156[0m:[93m42[0m - [91merror[0m[90m TS2339: [0mProperty 'uploadStepVideo' does not exist on type 'StepMediaUploadService'.

[7m156[0m       return this.stepMediaUploadService.uploadStepVideo(file).toPromise();
[7m   [0m [91m                                         ~~~~~~~~~~~~~~~[0m


Error: [96mprojects/simpi-frontend-web/src/app/shared/components/batch-step-upload-modal/batch-step-upload-modal.component.ts[0m:[93m158[0m:[93m42[0m - [91merror[0m[90m TS2551: [0mProperty 'uploadStepImage' does not exist on type 'StepMediaUploadService'. Did you mean 'uploadStepMedia'?

[7m158[0m       return this.stepMediaUploadService.uploadStepImage(file).toPromise();
[7m   [0m [91m                                         ~~~~~~~~~~~~~~~[0m

  [96mprojects/simpi-frontend-common/src/lib/services/steps/step-media-upload.service.ts[0m:[93m24[0m:[93m16[0m
    [7m24[0m   public async uploadStepMedia(fileToUpload: File): Promise<UploadStepMediaResult> {
    [7m  [0m [96m               ~~~~~~~~~~~~~~~[0m
    'uploadStepMedia' is declared here.


Error: [96mprojects/simpi-frontend-web/src/app/shared/components/batch-step-upload-modal/batch-step-upload-modal.component.ts[0m:[93m169[0m:[93m5[0m - [91merror[0m[90m TS2322: [0mType 'HttpResponse<any>' is not assignable to type 'void'.

[7m169[0m     return this.stepService.saveNewStepMedia(stepId, mediaChangeRequest).toPromise();
[7m   [0m [91m    ~~~~~~[0m




✖ Failed to compile.
✔ Browser application bundle generation complete.

Initial chunk files | Names   | Raw size
main.js             | main    |  1.60 MB | 
runtime.js          | runtime | 12.94 kB | 

13 unchanged chunks

Build at: 2025-07-25T17:03:03.130Z - Hash: db74f6fa495c474b - Time: 471ms

Error: [96mprojects/simpi-frontend-web/src/app/shared/components/batch-step-upload-modal/batch-step-upload-modal.component.ts[0m:[93m156[0m:[93m42[0m - [91merror[0m[90m TS2339: [0mProperty 'uploadStepVideo' does not exist on type 'StepMediaUploadService'.

[7m156[0m       return this.stepMediaUploadService.uploadStepVideo(file).toPromise();
[7m   [0m [91m                                         ~~~~~~~~~~~~~~~[0m


Error: [96mprojects/simpi-frontend-web/src/app/shared/components/batch-step-upload-modal/batch-step-upload-modal.component.ts[0m:[93m158[0m:[93m42[0m - [91merror[0m[90m TS2551: [0mProperty 'uploadStepImage' does not exist on type 'StepMediaUploadService'. Did you mean 'uploadStepMedia'?

[7m158[0m       return this.stepMediaUploadService.uploadStepImage(file).toPromise();
[7m   [0m [91m                                         ~~~~~~~~~~~~~~~[0m

  [96mprojects/simpi-frontend-common/src/lib/services/steps/step-media-upload.service.ts[0m:[93m24[0m:[93m16[0m
    [7m24[0m   public async uploadStepMedia(fileToUpload: File): Promise<UploadStepMediaResult> {
    [7m  [0m [96m               ~~~~~~~~~~~~~~~[0m
    'uploadStepMedia' is declared here.


Error: [96mprojects/simpi-frontend-web/src/app/shared/components/batch-step-upload-modal/batch-step-upload-modal.component.ts[0m:[93m169[0m:[93m5[0m - [91merror[0m[90m TS2322: [0mType 'HttpResponse<any>' is not assignable to type 'void'.

[7m169[0m     return this.stepService.saveNewStepMedia(stepId, mediaChangeRequest).toPromise();
[7m   [0m [91m    ~~~~~~[0m




✖ Failed to compile.
✔ Browser application bundle generation complete.

Initial chunk files | Names   | Raw size
main.js             | main    |  1.60 MB | 
runtime.js          | runtime | 12.94 kB | 

13 unchanged chunks

Build at: 2025-07-25T17:03:10.953Z - Hash: d064b1f8edab7507 - Time: 391ms

Error: [96mprojects/simpi-frontend-web/src/app/shared/components/batch-step-upload-modal/batch-step-upload-modal.component.ts[0m:[93m163[0m:[93m5[0m - [91merror[0m[90m TS2322: [0mType 'HttpResponse<any>' is not assignable to type 'void'.

[7m163[0m     return this.stepService.saveNewStepMedia(stepId, mediaChangeRequest).toPromise();
[7m   [0m [91m    ~~~~~~[0m




✖ Failed to compile.
✔ Browser application bundle generation complete.

Initial chunk files | Names   | Raw size
main.js             | main    |  1.60 MB | 
runtime.js          | runtime | 12.94 kB | 

13 unchanged chunks

Build at: 2025-07-25T17:03:18.654Z - Hash: c443b38058499e9f - Time: 441ms

✔ Compiled successfully.
✔ Browser application bundle generation complete.

Initial chunk files | Names   | Raw size
main.js             | main    |  1.60 MB | 
runtime.js          | runtime | 12.94 kB | 

13 unchanged chunks

Build at: 2025-07-25T17:03:24.126Z - Hash: f3d323c934d76dae - Time: 289ms

Error: [96mprojects/simpi-frontend-web/src/app/shared/components/batch-step-upload-modal/batch-step-upload-modal.component.html[0m:[93m46[0m:[93m16[0m - [91merror[0m[90m TS2339: [0mProperty 'getStatusDisplayName' does not exist on type 'BatchStepUploadModalComponent'.

[7m46[0m             {{ getStatusDisplayName(status.key) }}: {{ getStatusCounts()[status.key] }}
[7m  [0m [91m               ~~~~~~~~~~~~~~~~~~~~[0m

  [96mprojects/simpi-frontend-web/src/app/shared/components/batch-step-upload-modal/batch-step-upload-modal.component.ts[0m:[93m26[0m:[93m16[0m
    [7m26[0m   templateUrl: './batch-step-upload-modal.component.html',
    [7m  [0m [96m               ~~~~~~~~~~~~~~~~~~~~~~~~~~~~~~~~~~~~~~~~~~[0m
    Error occurs in the template of component BatchStepUploadModalComponent.




✖ Failed to compile.
✔ Browser application bundle generation complete.

Initial chunk files | Names   | Raw size
main.js             | main    |  1.60 MB | 
runtime.js          | runtime | 12.94 kB | 

13 unchanged chunks

Build at: 2025-07-25T17:03:32.586Z - Hash: 1a18677fa2f8047d - Time: 458ms

✔ Compiled successfully.
✔ Browser application bundle generation complete.

Initial chunk files                                          | Names              |  Raw size
runtime.js                                                   | runtime            |  12.94 kB | 

Lazy chunk files                                             | Names              |  Raw size
projects_simpi-frontend-web_src_app_steps_steps_module_ts.js | steps-steps-module | 304.88 kB | 

13 unchanged chunks

Build at: 2025-07-25T17:03:54.182Z - Hash: 94af832ef567aa63 - Time: 715ms

Error: [96mprojects/simpi-frontend-web/src/app/steps/container/steps-overview-page/steps-overview-page.component.ts[0m:[93m19[0m:[93m66[0m - [91merror[0m[90m TS2307: [0mCannot find module '../../shared/components/batch-step-upload-modal/batch-step-upload-modal.component' or its corresponding type declarations.

[7m19[0m import { BatchStepUploadModalComponent, BatchUploadResult } from '../../shared/components/batch-step-upload-modal/batch-step-upload-modal.component';
[7m  [0m [91m                                                                 ~~~~~~~~~~~~~~~~~~~~~~~~~~~~~~~~~~~~~~~~~~~~~~~~~~~~~~~~~~~~~~~~~~~~~~~~~~~~~~~~~~~[0m




✖ Failed to compile.
✔ Browser application bundle generation complete.

Initial chunk files                                          | Names              |  Raw size
runtime.js                                                   | runtime            |  12.94 kB | 

Lazy chunk files                                             | Names              |  Raw size
projects_simpi-frontend-web_src_app_steps_steps_module_ts.js | steps-steps-module | 306.41 kB | 

13 unchanged chunks

Build at: 2025-07-25T17:04:05.476Z - Hash: e9801ac92e8c30c5 - Time: 476ms

./projects/simpi-frontend-web/src/app/steps/container/steps-overview-page/steps-overview-page.component.ts:5:0-130 - Error: Module not found: Error: Can't resolve '../../shared/components/batch-step-upload-modal/batch-step-upload-modal.component' in '/Users/jochenhildebrandt/code/100_simpi-frontend/simpi-frontend 2025-07-23/projects/simpi-frontend-web/src/app/steps/container/steps-overview-page'

Error: [96mprojects/simpi-frontend-web/src/app/steps/container/steps-overview-page/steps-overview-page.component.ts[0m:[93m19[0m:[93m66[0m - [91merror[0m[90m TS2307: [0mCannot find module '../../shared/components/batch-step-upload-modal/batch-step-upload-modal.component' or its corresponding type declarations.

[7m19[0m import { BatchStepUploadModalComponent, BatchUploadResult } from '../../shared/components/batch-step-upload-modal/batch-step-upload-modal.component';
[7m  [0m [91m                                                                 ~~~~~~~~~~~~~~~~~~~~~~~~~~~~~~~~~~~~~~~~~~~~~~~~~~~~~~~~~~~~~~~~~~~~~~~~~~~~~~~~~~~[0m




✖ Failed to compile.
✔ Browser application bundle generation complete.

Initial chunk files                                          | Names              |  Raw size
runtime.js                                                   | runtime            |  12.94 kB | 

Lazy chunk files                                             | Names              |  Raw size
projects_simpi-frontend-web_src_app_steps_steps_module_ts.js | steps-steps-module | 306.38 kB | 

13 unchanged chunks

Build at: 2025-07-25T17:04:11.242Z - Hash: 7e207a83ef655fab - Time: 415ms

✔ Compiled successfully.
✔ Browser application bundle generation complete.

Initial chunk files                                          | Names              |  Raw size
runtime.js                                                   | runtime            |  12.94 kB | 

Lazy chunk files                                             | Names              |  Raw size
projects_simpi-frontend-web_src_app_steps_steps_module_ts.js | steps-steps-module | 306.37 kB | 

13 unchanged chunks

Build at: 2025-07-25T17:14:31.436Z - Hash: 48abca44e5f23c2b - Time: 785ms

✔ Compiled successfully.
✔ Browser application bundle generation complete.

Initial chunk files                                          | Names              |  Raw size
runtime.js                                                   | runtime            |  12.94 kB | 

Lazy chunk files                                             | Names              |  Raw size
projects_simpi-frontend-web_src_app_steps_steps_module_ts.js | steps-steps-module | 306.50 kB | 

13 unchanged chunks

Build at: 2025-07-25T17:14:50.145Z - Hash: 4729fb7be5cc500f - Time: 505ms

✔ Compiled successfully.
✔ Browser application bundle generation complete.

Initial chunk files                                          | Names              |  Raw size
runtime.js                                                   | runtime            |  12.94 kB | 

Lazy chunk files                                             | Names              |  Raw size
projects_simpi-frontend-web_src_app_steps_steps_module_ts.js | steps-steps-module | 306.61 kB | 

13 unchanged chunks

Build at: 2025-07-25T17:14:55.569Z - Hash: 03964fed09a228e5 - Time: 451ms

✔ Compiled successfully.
✔ Browser application bundle generation complete.

Initial chunk files                                          | Names              |  Raw size
runtime.js                                                   | runtime            |  12.94 kB | 

Lazy chunk files                                             | Names              |  Raw size
projects_simpi-frontend-web_src_app_steps_steps_module_ts.js | steps-steps-module | 306.61 kB | 

13 unchanged chunks

Build at: 2025-07-25T17:16:08.200Z - Hash: 65c53f65a933a04d - Time: 370ms

✔ Compiled successfully.
✔ Browser application bundle generation complete.

Initial chunk files | Names   | Raw size
main.js             | main    |  1.60 MB | 
runtime.js          | runtime | 12.94 kB | 

13 unchanged chunks

Build at: 2025-07-25T17:18:17.541Z - Hash: 9e69587fbd17fc1d - Time: 583ms

✔ Compiled successfully.
✔ Browser application bundle generation complete.

Initial chunk files                                          | Names              |  Raw size
runtime.js                                                   | runtime            |  12.94 kB | 

Lazy chunk files                                             | Names              |  Raw size
projects_simpi-frontend-web_src_app_steps_steps_module_ts.js | steps-steps-module | 305.44 kB | 

13 unchanged chunks

Build at: 2025-07-25T21:36:54.071Z - Hash: 7740f86d53480116 - Time: 1860ms

✔ Compiled successfully.
✔ Browser application bundle generation complete.

Initial chunk files                                          | Names              |  Raw size
runtime.js                                                   | runtime            |  12.94 kB | 

Lazy chunk files                                             | Names              |  Raw size
projects_simpi-frontend-web_src_app_steps_steps_module_ts.js | steps-steps-module | 305.20 kB | 

13 unchanged chunks

Build at: 2025-07-25T21:37:03.207Z - Hash: 45ad527ce0d90a48 - Time: 840ms

✔ Compiled successfully.
✔ Browser application bundle generation complete.

Initial chunk files                                          | Names              |  Raw size
runtime.js                                                   | runtime            |  12.94 kB | 

Lazy chunk files                                             | Names              |  Raw size
projects_simpi-frontend-web_src_app_steps_steps_module_ts.js | steps-steps-module | 305.33 kB | 

13 unchanged chunks

Build at: 2025-07-25T21:38:31.783Z - Hash: 9c6ee5b8d517ecc2 - Time: 1255ms

✔ Compiled successfully.
✔ Browser application bundle generation complete.

Initial chunk files                                          | Names              |  Raw size
runtime.js                                                   | runtime            |  12.94 kB | 

Lazy chunk files                                             | Names              |  Raw size
projects_simpi-frontend-web_src_app_steps_steps_module_ts.js | steps-steps-module | 305.56 kB | 

13 unchanged chunks

Build at: 2025-07-25T21:38:36.009Z - Hash: dc16d6334db770e9 - Time: 419ms

✔ Compiled successfully.
✔ Browser application bundle generation complete.

Initial chunk files                                          | Names              |  Raw size
runtime.js                                                   | runtime            |  12.94 kB | 

Lazy chunk files                                             | Names              |  Raw size
projects_simpi-frontend-web_src_app_steps_steps_module_ts.js | steps-steps-module | 306.00 kB | 

13 unchanged chunks

Build at: 2025-07-25T21:38:47.639Z - Hash: aff4c76963347136 - Time: 442ms

Error: [96mprojects/simpi-frontend-web/src/app/steps/container/steps-overview-page/steps-overview-page.component.html[0m:[93m31[0m:[93m27[0m - [91merror[0m[90m TS2551: [0mProperty 'onBatchUploadFiles' does not exist on type 'StepsOverviewPageComponent'. Did you mean 'onBatchUploadSteps'?

[7m31[0m       (batchUploadFiles)="onBatchUploadFiles($event)"
[7m  [0m [91m                          ~~~~~~~~~~~~~~~~~~[0m

  [96mprojects/simpi-frontend-web/src/app/steps/container/steps-overview-page/steps-overview-page.component.ts[0m:[93m53[0m:[93m16[0m
    [7m53[0m   templateUrl: './steps-overview-page.component.html',
    [7m  [0m [96m               ~~~~~~~~~~~~~~~~~~~~~~~~~~~~~~~~~~~~~~[0m
    Error occurs in the template of component StepsOverviewPageComponent.




✖ Failed to compile.
✔ Browser application bundle generation complete.

Initial chunk files                                          | Names              |  Raw size
runtime.js                                                   | runtime            |  12.94 kB | 

Lazy chunk files                                             | Names              |  Raw size
projects_simpi-frontend-web_src_app_steps_steps_module_ts.js | steps-steps-module | 305.57 kB | 

13 unchanged chunks

Build at: 2025-07-25T21:38:52.503Z - Hash: b8c905a968701f2f - Time: 275ms

Error: [96mprojects/simpi-frontend-web/src/app/steps/container/steps-overview-page/steps-overview-page.component.html[0m:[93m31[0m:[93m27[0m - [91merror[0m[90m TS2551: [0mProperty 'onBatchUploadFiles' does not exist on type 'StepsOverviewPageComponent'. Did you mean 'onBatchUploadSteps'?

[7m31[0m       (batchUploadFiles)="onBatchUploadFiles($event)"
[7m  [0m [91m                          ~~~~~~~~~~~~~~~~~~[0m

  [96mprojects/simpi-frontend-web/src/app/steps/container/steps-overview-page/steps-overview-page.component.ts[0m:[93m53[0m:[93m16[0m
    [7m53[0m   templateUrl: './steps-overview-page.component.html',
    [7m  [0m [96m               ~~~~~~~~~~~~~~~~~~~~~~~~~~~~~~~~~~~~~~[0m
    Error occurs in the template of component StepsOverviewPageComponent.




✖ Failed to compile.
✔ Browser application bundle generation complete.

Initial chunk files                                          | Names              |  Raw size
runtime.js                                                   | runtime            |  12.94 kB | 

Lazy chunk files                                             | Names              |  Raw size
projects_simpi-frontend-web_src_app_steps_steps_module_ts.js | steps-steps-module | 305.70 kB | 

13 unchanged chunks

Build at: 2025-07-25T21:39:12.261Z - Hash: d7ea12561c3c7e77 - Time: 495ms

✔ Compiled successfully.
✔ Browser application bundle generation complete.

Initial chunk files                                          | Names              |  Raw size
main.js                                                      | main               |   1.60 MB | 
runtime.js                                                   | runtime            |  12.94 kB | 

Lazy chunk files                                             | Names              |  Raw size
projects_simpi-frontend-web_src_app_steps_steps_module_ts.js | steps-steps-module | 305.70 kB | 

12 unchanged chunks

Build at: 2025-07-25T21:39:17.111Z - Hash: 2204504af7f448f0 - Time: 590ms

✔ Compiled successfully.
✔ Browser application bundle generation complete.

Initial chunk files | Names   | Raw size
main.js             | main    |  1.60 MB | 
runtime.js          | runtime | 12.94 kB | 

13 unchanged chunks

Build at: 2025-07-25T21:39:22.628Z - Hash: ae7e421287404fcd - Time: 679ms

✔ Compiled successfully.
✔ Browser application bundle generation complete.

Initial chunk files                                          | Names              |  Raw size
runtime.js                                                   | runtime            |  12.94 kB | 

Lazy chunk files                                             | Names              |  Raw size
projects_simpi-frontend-web_src_app_steps_steps_module_ts.js | steps-steps-module | 305.74 kB | 

13 unchanged chunks

Build at: 2025-07-25T21:44:47.710Z - Hash: 5b03fd5fe900fd58 - Time: 572ms

✔ Compiled successfully.
✔ Browser application bundle generation complete.

Initial chunk files | Names   | Raw size
main.js             | main    |  1.60 MB | 
runtime.js          | runtime | 12.94 kB | 

13 unchanged chunks

Build at: 2025-07-25T21:51:48.443Z - Hash: c91f1580c222bd85 - Time: 633ms

✔ Compiled successfully.
✔ Browser application bundle generation complete.

Initial chunk files | Names   | Raw size
main.js             | main    |  1.60 MB | 
runtime.js          | runtime | 12.94 kB | 

13 unchanged chunks

Build at: 2025-07-25T21:51:57.329Z - Hash: c7cca2029e630102 - Time: 428ms

Error: [96mprojects/simpi-frontend-web/src/app/shared/components/batch-step-upload-modal/batch-step-upload-modal.component.html[0m:[93m134[0m:[93m60[0m - [91merror[0m[90m TS2339: [0mProperty 'closeModal' does not exist on type 'BatchStepUploadModalComponent'.

[7m134[0m     <button type="button" class="btn btn-success" (click)="closeModal()">
[7m   [0m [91m                                                           ~~~~~~~~~~[0m

  [96mprojects/simpi-frontend-web/src/app/shared/components/batch-step-upload-modal/batch-step-upload-modal.component.ts[0m:[93m26[0m:[93m16[0m
    [7m26[0m   templateUrl: './batch-step-upload-modal.component.html',
    [7m  [0m [96m               ~~~~~~~~~~~~~~~~~~~~~~~~~~~~~~~~~~~~~~~~~~[0m
    Error occurs in the template of component BatchStepUploadModalComponent.




✖ Failed to compile.
✔ Browser application bundle generation complete.

Initial chunk files | Names   | Raw size
main.js             | main    |  1.60 MB | 
runtime.js          | runtime | 12.94 kB | 

13 unchanged chunks

Build at: 2025-07-25T21:52:03.508Z - Hash: 8b3fac83196faab0 - Time: 390ms

✔ Compiled successfully.
✔ Browser application bundle generation complete.

Initial chunk files | Names   | Raw size
main.js             | main    |  1.60 MB | 
runtime.js          | runtime | 12.94 kB | 

13 unchanged chunks

Build at: 2025-07-25T21:52:28.295Z - Hash: 577bba4bfeb0fd3e - Time: 586ms

✔ Compiled successfully.
✔ Browser application bundle generation complete.

Initial chunk files | Names   | Raw size
main.js             | main    |  1.60 MB | 
runtime.js          | runtime | 12.94 kB | 

13 unchanged chunks

Build at: 2025-07-25T21:52:32.510Z - Hash: d11ec3d0520b48e9 - Time: 503ms

✔ Compiled successfully.
✔ Browser application bundle generation complete.

Initial chunk files                                          | Names              |  Raw size
runtime.js                                                   | runtime            |  12.94 kB | 

Lazy chunk files                                             | Names              |  Raw size
projects_simpi-frontend-web_src_app_steps_steps_module_ts.js | steps-steps-module | 305.77 kB | 

13 unchanged chunks

Build at: 2025-07-25T21:52:43.648Z - Hash: 3ce1e183529c350c - Time: 510ms

✔ Compiled successfully.
✔ Browser application bundle generation complete.

Initial chunk files                                          | Names              |  Raw size
main.js                                                      | main               |   1.60 MB | 
runtime.js                                                   | runtime            |  12.94 kB | 

Lazy chunk files                                             | Names              |  Raw size
projects_simpi-frontend-web_src_app_steps_steps_module_ts.js | steps-steps-module | 305.77 kB | 

12 unchanged chunks

Build at: 2025-07-25T21:52:58.939Z - Hash: 4784b53300d1beb8 - Time: 676ms

✔ Compiled successfully.
✔ Browser application bundle generation complete.

Initial chunk files | Names   | Raw size
main.js             | main    |  1.60 MB | 
runtime.js          | runtime | 12.94 kB | 

13 unchanged chunks

Build at: 2025-07-25T22:11:55.398Z - Hash: 874d950dd5e140b1 - Time: 882ms

✔ Compiled successfully.
✔ Browser application bundle generation complete.

Initial chunk files                                          | Names              |  Raw size
runtime.js                                                   | runtime            |  12.94 kB | 

Lazy chunk files                                             | Names              |  Raw size
projects_simpi-frontend-web_src_app_steps_steps_module_ts.js | steps-steps-module | 305.95 kB | 

13 unchanged chunks

Build at: 2025-07-25T22:14:30.521Z - Hash: e720a3daaf4c33d0 - Time: 698ms

✔ Compiled successfully.
✔ Browser application bundle generation complete.

Initial chunk files                                          | Names              |  Raw size
runtime.js                                                   | runtime            |  12.94 kB | 

Lazy chunk files                                             | Names              |  Raw size
projects_simpi-frontend-web_src_app_steps_steps_module_ts.js | steps-steps-module | 306.25 kB | 

13 unchanged chunks

Build at: 2025-07-25T22:16:17.629Z - Hash: b07dc3761a63a4fd - Time: 529ms

✔ Compiled successfully.
✔ Browser application bundle generation complete.

Initial chunk files | Names   | Raw size
main.js             | main    |  1.60 MB | 
runtime.js          | runtime | 12.94 kB | 

13 unchanged chunks

Build at: 2025-07-26T22:06:32.844Z - Hash: 6800034656dce198 - Time: 3444ms

✔ Compiled successfully.
✔ Browser application bundle generation complete.

Initial chunk files | Names   | Raw size
main.js             | main    |  1.60 MB | 
runtime.js          | runtime | 12.94 kB | 

13 unchanged chunks

Build at: 2025-07-26T22:06:42.767Z - Hash: 79e7ab220264638b - Time: 470ms

✔ Compiled successfully.
✔ Browser application bundle generation complete.

Initial chunk files | Names   | Raw size
main.js             | main    |  1.60 MB | 
runtime.js          | runtime | 12.94 kB | 

13 unchanged chunks

Build at: 2025-07-26T22:06:54.089Z - Hash: 0f8a57b890820811 - Time: 631ms

✔ Compiled successfully.
✔ Browser application bundle generation complete.

Initial chunk files | Names   | Raw size
main.js             | main    |  1.60 MB | 
runtime.js          | runtime | 12.94 kB | 

13 unchanged chunks

Build at: 2025-07-26T22:07:02.004Z - Hash: 44690e811aa86d71 - Time: 458ms

✔ Compiled successfully.
✔ Browser application bundle generation complete.

Initial chunk files                                          | Names              |  Raw size
main.js                                                      | main               |   1.60 MB | 
runtime.js                                                   | runtime            |  12.94 kB | 

Lazy chunk files                                             | Names              |  Raw size
projects_simpi-frontend-web_src_app_steps_steps_module_ts.js | steps-steps-module | 306.25 kB | 

12 unchanged chunks

Build at: 2025-07-26T22:09:26.284Z - Hash: af1a81c32540b08d - Time: 1035ms

✔ Compiled successfully.
✔ Browser application bundle generation complete.

Initial chunk files | Names   | Raw size
main.js             | main    |  1.60 MB | 
runtime.js          | runtime | 12.94 kB | 

13 unchanged chunks

Build at: 2025-07-26T22:12:24.945Z - Hash: a3fd8a0b8d753845 - Time: 949ms

✔ Compiled successfully.
✔ Browser application bundle generation complete.

Initial chunk files | Names   | Raw size
main.js             | main    |  1.61 MB | 
runtime.js          | runtime | 12.94 kB | 

13 unchanged chunks

Build at: 2025-07-26T22:14:11.842Z - Hash: 4ca9ac33dd17db3c - Time: 586ms

✔ Compiled successfully.
✔ Browser application bundle generation complete.

Initial chunk files | Names   | Raw size
main.js             | main    |  1.61 MB | 
runtime.js          | runtime | 12.94 kB | 

13 unchanged chunks

Build at: 2025-07-26T22:15:34.691Z - Hash: 4bdf2538950def7c - Time: 477ms

✔ Compiled successfully.
✔ Browser application bundle generation complete.

Initial chunk files | Names   | Raw size
main.js             | main    |  1.61 MB | 
runtime.js          | runtime | 12.94 kB | 

13 unchanged chunks

Build at: 2025-07-26T22:23:19.554Z - Hash: 4c86fd32b1117f42 - Time: 852ms

✔ Compiled successfully.
✔ Browser application bundle generation complete.

Initial chunk files | Names   | Raw size
main.js             | main    |  1.61 MB | 
runtime.js          | runtime | 12.94 kB | 

13 unchanged chunks

Build at: 2025-07-26T22:23:29.014Z - Hash: 2029b7e7a3a19ab1 - Time: 553ms

✔ Compiled successfully.
✔ Browser application bundle generation complete.

Initial chunk files | Names   | Raw size
main.js             | main    |  1.61 MB | 
runtime.js          | runtime | 12.94 kB | 

13 unchanged chunks

Build at: 2025-07-26T22:24:54.833Z - Hash: faee55e43fdb1ea9 - Time: 1187ms

✔ Compiled successfully.
✔ Browser application bundle generation complete.

Initial chunk files | Names   | Raw size
main.js             | main    |  1.61 MB | 
runtime.js          | runtime | 12.94 kB | 

13 unchanged chunks

Build at: 2025-07-26T22:25:29.488Z - Hash: f5e1c5c03f876f0a - Time: 866ms

✔ Compiled successfully.
✔ Browser application bundle generation complete.

Initial chunk files | Names   | Raw size
main.js             | main    |  1.61 MB | 
runtime.js          | runtime | 12.94 kB | 

13 unchanged chunks

Build at: 2025-07-26T22:26:04.624Z - Hash: 6aa29ef9d7de5111 - Time: 663ms

✔ Compiled successfully.
✔ Browser application bundle generation complete.

Initial chunk files | Names   | Raw size
main.js             | main    |  1.61 MB | 
runtime.js          | runtime | 12.94 kB | 

13 unchanged chunks

Build at: 2025-07-26T22:26:15.426Z - Hash: a28b57fe051560c8 - Time: 487ms

✔ Compiled successfully.
✔ Browser application bundle generation complete.

Initial chunk files | Names   | Raw size
main.js             | main    |  1.61 MB | 
runtime.js          | runtime | 12.94 kB | 

13 unchanged chunks

Build at: 2025-07-26T22:26:27.031Z - Hash: 27ea551254667696 - Time: 482ms

✔ Compiled successfully.
✔ Browser application bundle generation complete.

Initial chunk files | Names   | Raw size
main.js             | main    |  1.61 MB | 
runtime.js          | runtime | 12.94 kB | 

13 unchanged chunks

Build at: 2025-07-26T22:26:41.141Z - Hash: 8d0e55d94ee0e69b - Time: 833ms

✔ Compiled successfully.
✔ Browser application bundle generation complete.

Initial chunk files | Names   | Raw size
main.js             | main    |  1.61 MB | 
runtime.js          | runtime | 12.94 kB | 

13 unchanged chunks

Build at: 2025-07-26T22:26:48.005Z - Hash: 38d19937e2ee7dbe - Time: 568ms

✔ Compiled successfully.
✔ Browser application bundle generation complete.

Initial chunk files | Names   | Raw size
main.js             | main    |  1.61 MB | 
runtime.js          | runtime | 12.94 kB | 

13 unchanged chunks

Build at: 2025-07-26T22:27:20.525Z - Hash: 74a97eb448c1fbed - Time: 624ms

✔ Compiled successfully.
✔ Browser application bundle generation complete.

Initial chunk files | Names   | Raw size
main.js             | main    |  1.61 MB | 
runtime.js          | runtime | 12.94 kB | 

13 unchanged chunks

Build at: 2025-07-26T22:27:34.921Z - Hash: c90c3766bbb3e80c - Time: 652ms

✔ Compiled successfully.
✔ Browser application bundle generation complete.

Initial chunk files | Names   | Raw size
main.js             | main    |  1.62 MB | 
runtime.js          | runtime | 12.94 kB | 

13 unchanged chunks

Build at: 2025-07-26T22:27:44.022Z - Hash: 389959c141c6560a - Time: 689ms

✔ Compiled successfully.
✔ Browser application bundle generation complete.

Initial chunk files | Names   | Raw size
main.js             | main    |  1.62 MB | 
runtime.js          | runtime | 12.94 kB | 

13 unchanged chunks

Build at: 2025-07-26T22:30:25.033Z - Hash: c5dede5ccf18fa66 - Time: 587ms

✔ Compiled successfully.
✔ Browser application bundle generation complete.

Initial chunk files | Names   | Raw size
main.js             | main    |  1.62 MB | 
runtime.js          | runtime | 12.94 kB | 

13 unchanged chunks

Build at: 2025-07-26T22:30:33.711Z - Hash: dc043e8f423a58a1 - Time: 546ms

✔ Compiled successfully.
✔ Browser application bundle generation complete.

Initial chunk files | Names   | Raw size
main.js             | main    |  1.62 MB | 
runtime.js          | runtime | 12.94 kB | 

13 unchanged chunks

Build at: 2025-07-26T22:34:59.018Z - Hash: 8f8976a097a4747f - Time: 613ms

✔ Compiled successfully.
✔ Browser application bundle generation complete.

Initial chunk files | Names   | Raw size
main.js             | main    |  1.62 MB | 
runtime.js          | runtime | 12.94 kB | 

13 unchanged chunks

Build at: 2025-07-26T22:35:07.962Z - Hash: 55ddd04297e42f9a - Time: 750ms

✔ Compiled successfully.
✔ Browser application bundle generation complete.

Initial chunk files | Names   | Raw size
main.js             | main    |  1.62 MB | 
runtime.js          | runtime | 12.94 kB | 

13 unchanged chunks

Build at: 2025-07-26T22:35:15.926Z - Hash: 4507fde673b0210c - Time: 473ms

✔ Compiled successfully.
✔ Browser application bundle generation complete.

Initial chunk files | Names   | Raw size
main.js             | main    |  1.62 MB | 
runtime.js          | runtime | 12.94 kB | 

13 unchanged chunks

Build at: 2025-07-26T22:40:39.621Z - Hash: 7bde3ab489c5f743 - Time: 809ms

Error: [96mprojects/simpi-frontend-common/src/step-editor/components/step-editor.component.html[0m:[93m28[0m:[93m3[0m - [91merror[0m[90m NG8001: [0m'sim-sticker-info-popup' is not a known element:
1. If 'sim-sticker-info-popup' is an Angular component, then verify that it is part of this module.
2. If 'sim-sticker-info-popup' is a Web Component then add 'CUSTOM_ELEMENTS_SCHEMA' to the '@NgModule.schemas' of this component to suppress this message.

[7m28[0m   <sim-sticker-info-popup
[7m  [0m [91m  ~~~~~~~~~~~~~~~~~~~~~~~[0m
[7m29[0m     [visible]="stickerInfoPopup.visible"
[7m  [0m [91m~~~~~~~~~~~~~~~~~~~~~~~~~~~~~~~~~~~~~~~~[0m
[7m30[0m     [position]="stickerInfoPopup.position"
[7m  [0m [91m~~~~~~~~~~~~~~~~~~~~~~~~~~~~~~~~~~~~~~~~~~[0m
[7m31[0m     [data]="stickerInfoPopup.data">
[7m  [0m [91m~~~~~~~~~~~~~~~~~~~~~~~~~~~~~~~~~~~[0m

  [96mprojects/simpi-frontend-common/src/step-editor/components/step-editor.component.ts[0m:[93m65[0m:[93m16[0m
    [7m65[0m   templateUrl: "step-editor.component.html",
    [7m  [0m [96m               ~~~~~~~~~~~~~~~~~~~~~~~~~~~~[0m
    Error occurs in the template of component StepEditorComponent.


Error: [96mprojects/simpi-frontend-common/src/step-editor/components/step-editor.component.html[0m:[93m29[0m:[93m5[0m - [91merror[0m[90m NG8002: [0mCan't bind to 'visible' since it isn't a known property of 'sim-sticker-info-popup'.
1. If 'sim-sticker-info-popup' is an Angular component and it has 'visible' input, then verify that it is part of this module.
2. If 'sim-sticker-info-popup' is a Web Component then add 'CUSTOM_ELEMENTS_SCHEMA' to the '@NgModule.schemas' of this component to suppress this message.
3. To allow any property add 'NO_ERRORS_SCHEMA' to the '@NgModule.schemas' of this component.

[7m29[0m     [visible]="stickerInfoPopup.visible"
[7m  [0m [91m    ~~~~~~~~~~~~~~~~~~~~~~~~~~~~~~~~~~~~[0m

  [96mprojects/simpi-frontend-common/src/step-editor/components/step-editor.component.ts[0m:[93m65[0m:[93m16[0m
    [7m65[0m   templateUrl: "step-editor.component.html",
    [7m  [0m [96m               ~~~~~~~~~~~~~~~~~~~~~~~~~~~~[0m
    Error occurs in the template of component StepEditorComponent.


Error: [96mprojects/simpi-frontend-common/src/step-editor/components/step-editor.component.html[0m:[93m29[0m:[93m16[0m - [91merror[0m[90m TS2551: [0mProperty 'stickerInfoPopup' does not exist on type 'StepEditorComponent'. Did you mean 'stickerActionPopup'?

[7m29[0m     [visible]="stickerInfoPopup.visible"
[7m  [0m [91m               ~~~~~~~~~~~~~~~~[0m

  [96mprojects/simpi-frontend-common/src/step-editor/components/step-editor.component.ts[0m:[93m65[0m:[93m16[0m
    [7m65[0m   templateUrl: "step-editor.component.html",
    [7m  [0m [96m               ~~~~~~~~~~~~~~~~~~~~~~~~~~~~[0m
    Error occurs in the template of component StepEditorComponent.


Error: [96mprojects/simpi-frontend-common/src/step-editor/components/step-editor.component.html[0m:[93m30[0m:[93m5[0m - [91merror[0m[90m NG8002: [0mCan't bind to 'position' since it isn't a known property of 'sim-sticker-info-popup'.
1. If 'sim-sticker-info-popup' is an Angular component and it has 'position' input, then verify that it is part of this module.
2. If 'sim-sticker-info-popup' is a Web Component then add 'CUSTOM_ELEMENTS_SCHEMA' to the '@NgModule.schemas' of this component to suppress this message.
3. To allow any property add 'NO_ERRORS_SCHEMA' to the '@NgModule.schemas' of this component.

[7m30[0m     [position]="stickerInfoPopup.position"
[7m  [0m [91m    ~~~~~~~~~~~~~~~~~~~~~~~~~~~~~~~~~~~~~~[0m

  [96mprojects/simpi-frontend-common/src/step-editor/components/step-editor.component.ts[0m:[93m65[0m:[93m16[0m
    [7m65[0m   templateUrl: "step-editor.component.html",
    [7m  [0m [96m               ~~~~~~~~~~~~~~~~~~~~~~~~~~~~[0m
    Error occurs in the template of component StepEditorComponent.


Error: [96mprojects/simpi-frontend-common/src/step-editor/components/step-editor.component.html[0m:[93m30[0m:[93m17[0m - [91merror[0m[90m TS2551: [0mProperty 'stickerInfoPopup' does not exist on type 'StepEditorComponent'. Did you mean 'stickerActionPopup'?

[7m30[0m     [position]="stickerInfoPopup.position"
[7m  [0m [91m                ~~~~~~~~~~~~~~~~[0m

  [96mprojects/simpi-frontend-common/src/step-editor/components/step-editor.component.ts[0m:[93m65[0m:[93m16[0m
    [7m65[0m   templateUrl: "step-editor.component.html",
    [7m  [0m [96m               ~~~~~~~~~~~~~~~~~~~~~~~~~~~~[0m
    Error occurs in the template of component StepEditorComponent.


Error: [96mprojects/simpi-frontend-common/src/step-editor/components/step-editor.component.html[0m:[93m31[0m:[93m5[0m - [91merror[0m[90m NG8002: [0mCan't bind to 'data' since it isn't a known property of 'sim-sticker-info-popup'.
1. If 'sim-sticker-info-popup' is an Angular component and it has 'data' input, then verify that it is part of this module.
2. If 'sim-sticker-info-popup' is a Web Component then add 'CUSTOM_ELEMENTS_SCHEMA' to the '@NgModule.schemas' of this component to suppress this message.
3. To allow any property add 'NO_ERRORS_SCHEMA' to the '@NgModule.schemas' of this component.

[7m31[0m     [data]="stickerInfoPopup.data">
[7m  [0m [91m    ~~~~~~~~~~~~~~~~~~~~~~~~~~~~~~[0m

  [96mprojects/simpi-frontend-common/src/step-editor/components/step-editor.component.ts[0m:[93m65[0m:[93m16[0m
    [7m65[0m   templateUrl: "step-editor.component.html",
    [7m  [0m [96m               ~~~~~~~~~~~~~~~~~~~~~~~~~~~~[0m
    Error occurs in the template of component StepEditorComponent.


Error: [96mprojects/simpi-frontend-common/src/step-editor/components/step-editor.component.html[0m:[93m31[0m:[93m13[0m - [91merror[0m[90m TS2551: [0mProperty 'stickerInfoPopup' does not exist on type 'StepEditorComponent'. Did you mean 'stickerActionPopup'?

[7m31[0m     [data]="stickerInfoPopup.data">
[7m  [0m [91m            ~~~~~~~~~~~~~~~~[0m

  [96mprojects/simpi-frontend-common/src/step-editor/components/step-editor.component.ts[0m:[93m65[0m:[93m16[0m
    [7m65[0m   templateUrl: "step-editor.component.html",
    [7m  [0m [96m               ~~~~~~~~~~~~~~~~~~~~~~~~~~~~[0m
    Error occurs in the template of component StepEditorComponent.




✖ Failed to compile.
✔ Browser application bundle generation complete.

Initial chunk files | Names   | Raw size
main.js             | main    |  1.62 MB | 
runtime.js          | runtime | 12.94 kB | 

13 unchanged chunks

Build at: 2025-07-26T22:40:48.386Z - Hash: dd83d4725f747f17 - Time: 653ms

Error: [96mprojects/simpi-frontend-common/src/step-editor/components/step-editor.component.html[0m:[93m28[0m:[93m3[0m - [91merror[0m[90m NG8001: [0m'sim-sticker-info-popup' is not a known element:
1. If 'sim-sticker-info-popup' is an Angular component, then verify that it is part of this module.
2. If 'sim-sticker-info-popup' is a Web Component then add 'CUSTOM_ELEMENTS_SCHEMA' to the '@NgModule.schemas' of this component to suppress this message.

[7m28[0m   <sim-sticker-info-popup
[7m  [0m [91m  ~~~~~~~~~~~~~~~~~~~~~~~[0m
[7m29[0m     [visible]="stickerInfoPopup.visible"
[7m  [0m [91m~~~~~~~~~~~~~~~~~~~~~~~~~~~~~~~~~~~~~~~~[0m
[7m30[0m     [position]="stickerInfoPopup.position"
[7m  [0m [91m~~~~~~~~~~~~~~~~~~~~~~~~~~~~~~~~~~~~~~~~~~[0m
[7m31[0m     [data]="stickerInfoPopup.data">
[7m  [0m [91m~~~~~~~~~~~~~~~~~~~~~~~~~~~~~~~~~~~[0m

  [96mprojects/simpi-frontend-common/src/step-editor/components/step-editor.component.ts[0m:[93m66[0m:[93m16[0m
    [7m66[0m   templateUrl: "step-editor.component.html",
    [7m  [0m [96m               ~~~~~~~~~~~~~~~~~~~~~~~~~~~~[0m
    Error occurs in the template of component StepEditorComponent.


Error: [96mprojects/simpi-frontend-common/src/step-editor/components/step-editor.component.html[0m:[93m29[0m:[93m5[0m - [91merror[0m[90m NG8002: [0mCan't bind to 'visible' since it isn't a known property of 'sim-sticker-info-popup'.
1. If 'sim-sticker-info-popup' is an Angular component and it has 'visible' input, then verify that it is part of this module.
2. If 'sim-sticker-info-popup' is a Web Component then add 'CUSTOM_ELEMENTS_SCHEMA' to the '@NgModule.schemas' of this component to suppress this message.
3. To allow any property add 'NO_ERRORS_SCHEMA' to the '@NgModule.schemas' of this component.

[7m29[0m     [visible]="stickerInfoPopup.visible"
[7m  [0m [91m    ~~~~~~~~~~~~~~~~~~~~~~~~~~~~~~~~~~~~[0m

  [96mprojects/simpi-frontend-common/src/step-editor/components/step-editor.component.ts[0m:[93m66[0m:[93m16[0m
    [7m66[0m   templateUrl: "step-editor.component.html",
    [7m  [0m [96m               ~~~~~~~~~~~~~~~~~~~~~~~~~~~~[0m
    Error occurs in the template of component StepEditorComponent.


Error: [96mprojects/simpi-frontend-common/src/step-editor/components/step-editor.component.html[0m:[93m29[0m:[93m16[0m - [91merror[0m[90m TS2551: [0mProperty 'stickerInfoPopup' does not exist on type 'StepEditorComponent'. Did you mean 'stickerActionPopup'?

[7m29[0m     [visible]="stickerInfoPopup.visible"
[7m  [0m [91m               ~~~~~~~~~~~~~~~~[0m

  [96mprojects/simpi-frontend-common/src/step-editor/components/step-editor.component.ts[0m:[93m66[0m:[93m16[0m
    [7m66[0m   templateUrl: "step-editor.component.html",
    [7m  [0m [96m               ~~~~~~~~~~~~~~~~~~~~~~~~~~~~[0m
    Error occurs in the template of component StepEditorComponent.


Error: [96mprojects/simpi-frontend-common/src/step-editor/components/step-editor.component.html[0m:[93m30[0m:[93m5[0m - [91merror[0m[90m NG8002: [0mCan't bind to 'position' since it isn't a known property of 'sim-sticker-info-popup'.
1. If 'sim-sticker-info-popup' is an Angular component and it has 'position' input, then verify that it is part of this module.
2. If 'sim-sticker-info-popup' is a Web Component then add 'CUSTOM_ELEMENTS_SCHEMA' to the '@NgModule.schemas' of this component to suppress this message.
3. To allow any property add 'NO_ERRORS_SCHEMA' to the '@NgModule.schemas' of this component.

[7m30[0m     [position]="stickerInfoPopup.position"
[7m  [0m [91m    ~~~~~~~~~~~~~~~~~~~~~~~~~~~~~~~~~~~~~~[0m

  [96mprojects/simpi-frontend-common/src/step-editor/components/step-editor.component.ts[0m:[93m66[0m:[93m16[0m
    [7m66[0m   templateUrl: "step-editor.component.html",
    [7m  [0m [96m               ~~~~~~~~~~~~~~~~~~~~~~~~~~~~[0m
    Error occurs in the template of component StepEditorComponent.


Error: [96mprojects/simpi-frontend-common/src/step-editor/components/step-editor.component.html[0m:[93m30[0m:[93m17[0m - [91merror[0m[90m TS2551: [0mProperty 'stickerInfoPopup' does not exist on type 'StepEditorComponent'. Did you mean 'stickerActionPopup'?

[7m30[0m     [position]="stickerInfoPopup.position"
[7m  [0m [91m                ~~~~~~~~~~~~~~~~[0m

  [96mprojects/simpi-frontend-common/src/step-editor/components/step-editor.component.ts[0m:[93m66[0m:[93m16[0m
    [7m66[0m   templateUrl: "step-editor.component.html",
    [7m  [0m [96m               ~~~~~~~~~~~~~~~~~~~~~~~~~~~~[0m
    Error occurs in the template of component StepEditorComponent.


Error: [96mprojects/simpi-frontend-common/src/step-editor/components/step-editor.component.html[0m:[93m31[0m:[93m5[0m - [91merror[0m[90m NG8002: [0mCan't bind to 'data' since it isn't a known property of 'sim-sticker-info-popup'.
1. If 'sim-sticker-info-popup' is an Angular component and it has 'data' input, then verify that it is part of this module.
2. If 'sim-sticker-info-popup' is a Web Component then add 'CUSTOM_ELEMENTS_SCHEMA' to the '@NgModule.schemas' of this component to suppress this message.
3. To allow any property add 'NO_ERRORS_SCHEMA' to the '@NgModule.schemas' of this component.

[7m31[0m     [data]="stickerInfoPopup.data">
[7m  [0m [91m    ~~~~~~~~~~~~~~~~~~~~~~~~~~~~~~[0m

  [96mprojects/simpi-frontend-common/src/step-editor/components/step-editor.component.ts[0m:[93m66[0m:[93m16[0m
    [7m66[0m   templateUrl: "step-editor.component.html",
    [7m  [0m [96m               ~~~~~~~~~~~~~~~~~~~~~~~~~~~~[0m
    Error occurs in the template of component StepEditorComponent.


Error: [96mprojects/simpi-frontend-common/src/step-editor/components/step-editor.component.html[0m:[93m31[0m:[93m13[0m - [91merror[0m[90m TS2551: [0mProperty 'stickerInfoPopup' does not exist on type 'StepEditorComponent'. Did you mean 'stickerActionPopup'?

[7m31[0m     [data]="stickerInfoPopup.data">
[7m  [0m [91m            ~~~~~~~~~~~~~~~~[0m

  [96mprojects/simpi-frontend-common/src/step-editor/components/step-editor.component.ts[0m:[93m66[0m:[93m16[0m
    [7m66[0m   templateUrl: "step-editor.component.html",
    [7m  [0m [96m               ~~~~~~~~~~~~~~~~~~~~~~~~~~~~[0m
    Error occurs in the template of component StepEditorComponent.




✖ Failed to compile.
✔ Browser application bundle generation complete.

Initial chunk files | Names   | Raw size
main.js             | main    |  1.62 MB | 
runtime.js          | runtime | 12.94 kB | 

13 unchanged chunks

Build at: 2025-07-26T22:40:55.654Z - Hash: 64531d53f0e03dbb - Time: 793ms

Error: [96mprojects/simpi-frontend-common/src/step-editor/components/step-editor.component.html[0m:[93m28[0m:[93m3[0m - [91merror[0m[90m NG8001: [0m'sim-sticker-info-popup' is not a known element:
1. If 'sim-sticker-info-popup' is an Angular component, then verify that it is part of this module.
2. If 'sim-sticker-info-popup' is a Web Component then add 'CUSTOM_ELEMENTS_SCHEMA' to the '@NgModule.schemas' of this component to suppress this message.

[7m28[0m   <sim-sticker-info-popup
[7m  [0m [91m  ~~~~~~~~~~~~~~~~~~~~~~~[0m
[7m29[0m     [visible]="stickerInfoPopup.visible"
[7m  [0m [91m~~~~~~~~~~~~~~~~~~~~~~~~~~~~~~~~~~~~~~~~[0m
[7m30[0m     [position]="stickerInfoPopup.position"
[7m  [0m [91m~~~~~~~~~~~~~~~~~~~~~~~~~~~~~~~~~~~~~~~~~~[0m
[7m31[0m     [data]="stickerInfoPopup.data">
[7m  [0m [91m~~~~~~~~~~~~~~~~~~~~~~~~~~~~~~~~~~~[0m

  [96mprojects/simpi-frontend-common/src/step-editor/components/step-editor.component.ts[0m:[93m66[0m:[93m16[0m
    [7m66[0m   templateUrl: "step-editor.component.html",
    [7m  [0m [96m               ~~~~~~~~~~~~~~~~~~~~~~~~~~~~[0m
    Error occurs in the template of component StepEditorComponent.


Error: [96mprojects/simpi-frontend-common/src/step-editor/components/step-editor.component.html[0m:[93m29[0m:[93m5[0m - [91merror[0m[90m NG8002: [0mCan't bind to 'visible' since it isn't a known property of 'sim-sticker-info-popup'.
1. If 'sim-sticker-info-popup' is an Angular component and it has 'visible' input, then verify that it is part of this module.
2. If 'sim-sticker-info-popup' is a Web Component then add 'CUSTOM_ELEMENTS_SCHEMA' to the '@NgModule.schemas' of this component to suppress this message.
3. To allow any property add 'NO_ERRORS_SCHEMA' to the '@NgModule.schemas' of this component.

[7m29[0m     [visible]="stickerInfoPopup.visible"
[7m  [0m [91m    ~~~~~~~~~~~~~~~~~~~~~~~~~~~~~~~~~~~~[0m

  [96mprojects/simpi-frontend-common/src/step-editor/components/step-editor.component.ts[0m:[93m66[0m:[93m16[0m
    [7m66[0m   templateUrl: "step-editor.component.html",
    [7m  [0m [96m               ~~~~~~~~~~~~~~~~~~~~~~~~~~~~[0m
    Error occurs in the template of component StepEditorComponent.


Error: [96mprojects/simpi-frontend-common/src/step-editor/components/step-editor.component.html[0m:[93m30[0m:[93m5[0m - [91merror[0m[90m NG8002: [0mCan't bind to 'position' since it isn't a known property of 'sim-sticker-info-popup'.
1. If 'sim-sticker-info-popup' is an Angular component and it has 'position' input, then verify that it is part of this module.
2. If 'sim-sticker-info-popup' is a Web Component then add 'CUSTOM_ELEMENTS_SCHEMA' to the '@NgModule.schemas' of this component to suppress this message.
3. To allow any property add 'NO_ERRORS_SCHEMA' to the '@NgModule.schemas' of this component.

[7m30[0m     [position]="stickerInfoPopup.position"
[7m  [0m [91m    ~~~~~~~~~~~~~~~~~~~~~~~~~~~~~~~~~~~~~~[0m

  [96mprojects/simpi-frontend-common/src/step-editor/components/step-editor.component.ts[0m:[93m66[0m:[93m16[0m
    [7m66[0m   templateUrl: "step-editor.component.html",
    [7m  [0m [96m               ~~~~~~~~~~~~~~~~~~~~~~~~~~~~[0m
    Error occurs in the template of component StepEditorComponent.


Error: [96mprojects/simpi-frontend-common/src/step-editor/components/step-editor.component.html[0m:[93m31[0m:[93m5[0m - [91merror[0m[90m NG8002: [0mCan't bind to 'data' since it isn't a known property of 'sim-sticker-info-popup'.
1. If 'sim-sticker-info-popup' is an Angular component and it has 'data' input, then verify that it is part of this module.
2. If 'sim-sticker-info-popup' is a Web Component then add 'CUSTOM_ELEMENTS_SCHEMA' to the '@NgModule.schemas' of this component to suppress this message.
3. To allow any property add 'NO_ERRORS_SCHEMA' to the '@NgModule.schemas' of this component.

[7m31[0m     [data]="stickerInfoPopup.data">
[7m  [0m [91m    ~~~~~~~~~~~~~~~~~~~~~~~~~~~~~~[0m

  [96mprojects/simpi-frontend-common/src/step-editor/components/step-editor.component.ts[0m:[93m66[0m:[93m16[0m
    [7m66[0m   templateUrl: "step-editor.component.html",
    [7m  [0m [96m               ~~~~~~~~~~~~~~~~~~~~~~~~~~~~[0m
    Error occurs in the template of component StepEditorComponent.




✖ Failed to compile.
✔ Browser application bundle generation complete.

Initial chunk files | Names   | Raw size
main.js             | main    |  1.62 MB | 
runtime.js          | runtime | 12.94 kB | 

13 unchanged chunks

Build at: 2025-07-26T22:41:41.609Z - Hash: 48a4b6d357a38ead - Time: 819ms

Error: [96mprojects/simpi-frontend-common/src/step-editor/components/step-editor.component.html[0m:[93m28[0m:[93m3[0m - [91merror[0m[90m NG8001: [0m'sim-sticker-info-popup' is not a known element:
1. If 'sim-sticker-info-popup' is an Angular component, then verify that it is part of this module.
2. If 'sim-sticker-info-popup' is a Web Component then add 'CUSTOM_ELEMENTS_SCHEMA' to the '@NgModule.schemas' of this component to suppress this message.

[7m28[0m   <sim-sticker-info-popup
[7m  [0m [91m  ~~~~~~~~~~~~~~~~~~~~~~~[0m
[7m29[0m     [visible]="stickerInfoPopup.visible"
[7m  [0m [91m~~~~~~~~~~~~~~~~~~~~~~~~~~~~~~~~~~~~~~~~[0m
[7m30[0m     [position]="stickerInfoPopup.position"
[7m  [0m [91m~~~~~~~~~~~~~~~~~~~~~~~~~~~~~~~~~~~~~~~~~~[0m
[7m31[0m     [data]="stickerInfoPopup.data">
[7m  [0m [91m~~~~~~~~~~~~~~~~~~~~~~~~~~~~~~~~~~~[0m

  [96mprojects/simpi-frontend-common/src/step-editor/components/step-editor.component.ts[0m:[93m66[0m:[93m16[0m
    [7m66[0m   templateUrl: "step-editor.component.html",
    [7m  [0m [96m               ~~~~~~~~~~~~~~~~~~~~~~~~~~~~[0m
    Error occurs in the template of component StepEditorComponent.


Error: [96mprojects/simpi-frontend-common/src/step-editor/components/step-editor.component.html[0m:[93m29[0m:[93m5[0m - [91merror[0m[90m NG8002: [0mCan't bind to 'visible' since it isn't a known property of 'sim-sticker-info-popup'.
1. If 'sim-sticker-info-popup' is an Angular component and it has 'visible' input, then verify that it is part of this module.
2. If 'sim-sticker-info-popup' is a Web Component then add 'CUSTOM_ELEMENTS_SCHEMA' to the '@NgModule.schemas' of this component to suppress this message.
3. To allow any property add 'NO_ERRORS_SCHEMA' to the '@NgModule.schemas' of this component.

[7m29[0m     [visible]="stickerInfoPopup.visible"
[7m  [0m [91m    ~~~~~~~~~~~~~~~~~~~~~~~~~~~~~~~~~~~~[0m

  [96mprojects/simpi-frontend-common/src/step-editor/components/step-editor.component.ts[0m:[93m66[0m:[93m16[0m
    [7m66[0m   templateUrl: "step-editor.component.html",
    [7m  [0m [96m               ~~~~~~~~~~~~~~~~~~~~~~~~~~~~[0m
    Error occurs in the template of component StepEditorComponent.


Error: [96mprojects/simpi-frontend-common/src/step-editor/components/step-editor.component.html[0m:[93m30[0m:[93m5[0m - [91merror[0m[90m NG8002: [0mCan't bind to 'position' since it isn't a known property of 'sim-sticker-info-popup'.
1. If 'sim-sticker-info-popup' is an Angular component and it has 'position' input, then verify that it is part of this module.
2. If 'sim-sticker-info-popup' is a Web Component then add 'CUSTOM_ELEMENTS_SCHEMA' to the '@NgModule.schemas' of this component to suppress this message.
3. To allow any property add 'NO_ERRORS_SCHEMA' to the '@NgModule.schemas' of this component.

[7m30[0m     [position]="stickerInfoPopup.position"
[7m  [0m [91m    ~~~~~~~~~~~~~~~~~~~~~~~~~~~~~~~~~~~~~~[0m

  [96mprojects/simpi-frontend-common/src/step-editor/components/step-editor.component.ts[0m:[93m66[0m:[93m16[0m
    [7m66[0m   templateUrl: "step-editor.component.html",
    [7m  [0m [96m               ~~~~~~~~~~~~~~~~~~~~~~~~~~~~[0m
    Error occurs in the template of component StepEditorComponent.


Error: [96mprojects/simpi-frontend-common/src/step-editor/components/step-editor.component.html[0m:[93m31[0m:[93m5[0m - [91merror[0m[90m NG8002: [0mCan't bind to 'data' since it isn't a known property of 'sim-sticker-info-popup'.
1. If 'sim-sticker-info-popup' is an Angular component and it has 'data' input, then verify that it is part of this module.
2. If 'sim-sticker-info-popup' is a Web Component then add 'CUSTOM_ELEMENTS_SCHEMA' to the '@NgModule.schemas' of this component to suppress this message.
3. To allow any property add 'NO_ERRORS_SCHEMA' to the '@NgModule.schemas' of this component.

[7m31[0m     [data]="stickerInfoPopup.data">
[7m  [0m [91m    ~~~~~~~~~~~~~~~~~~~~~~~~~~~~~~[0m

  [96mprojects/simpi-frontend-common/src/step-editor/components/step-editor.component.ts[0m:[93m66[0m:[93m16[0m
    [7m66[0m   templateUrl: "step-editor.component.html",
    [7m  [0m [96m               ~~~~~~~~~~~~~~~~~~~~~~~~~~~~[0m
    Error occurs in the template of component StepEditorComponent.




✖ Failed to compile.
✔ Browser application bundle generation complete.

Initial chunk files | Names   | Raw size
main.js             | main    |  1.62 MB | 
runtime.js          | runtime | 12.94 kB | 

13 unchanged chunks

Build at: 2025-07-26T22:42:27.929Z - Hash: fec7d4e0dee70ec4 - Time: 757ms

Error: [96mprojects/simpi-frontend-common/src/step-editor/components/interaction/stickerInteractionHandler.ts[0m:[93m82[0m:[93m34[0m - [91merror[0m[90m TS2339: [0mProperty 'absoluteOnPage' does not exist on type 'InteractionHost'.

[7m82[0m           const canvasPos = host.absoluteOnPage(pos);
[7m  [0m [91m                                 ~~~~~~~~~~~~~~[0m


Error: [96mprojects/simpi-frontend-common/src/step-editor/components/step-editor.component.html[0m:[93m28[0m:[93m3[0m - [91merror[0m[90m NG8001: [0m'sim-sticker-info-popup' is not a known element:
1. If 'sim-sticker-info-popup' is an Angular component, then verify that it is part of this module.
2. If 'sim-sticker-info-popup' is a Web Component then add 'CUSTOM_ELEMENTS_SCHEMA' to the '@NgModule.schemas' of this component to suppress this message.

[7m28[0m   <sim-sticker-info-popup
[7m  [0m [91m  ~~~~~~~~~~~~~~~~~~~~~~~[0m
[7m29[0m     [visible]="stickerInfoPopup.visible"
[7m  [0m [91m~~~~~~~~~~~~~~~~~~~~~~~~~~~~~~~~~~~~~~~~[0m
[7m30[0m     [position]="stickerInfoPopup.position"
[7m  [0m [91m~~~~~~~~~~~~~~~~~~~~~~~~~~~~~~~~~~~~~~~~~~[0m
[7m31[0m     [data]="stickerInfoPopup.data">
[7m  [0m [91m~~~~~~~~~~~~~~~~~~~~~~~~~~~~~~~~~~~[0m

  [96mprojects/simpi-frontend-common/src/step-editor/components/step-editor.component.ts[0m:[93m66[0m:[93m16[0m
    [7m66[0m   templateUrl: "step-editor.component.html",
    [7m  [0m [96m               ~~~~~~~~~~~~~~~~~~~~~~~~~~~~[0m
    Error occurs in the template of component StepEditorComponent.


Error: [96mprojects/simpi-frontend-common/src/step-editor/components/step-editor.component.html[0m:[93m29[0m:[93m5[0m - [91merror[0m[90m NG8002: [0mCan't bind to 'visible' since it isn't a known property of 'sim-sticker-info-popup'.
1. If 'sim-sticker-info-popup' is an Angular component and it has 'visible' input, then verify that it is part of this module.
2. If 'sim-sticker-info-popup' is a Web Component then add 'CUSTOM_ELEMENTS_SCHEMA' to the '@NgModule.schemas' of this component to suppress this message.
3. To allow any property add 'NO_ERRORS_SCHEMA' to the '@NgModule.schemas' of this component.

[7m29[0m     [visible]="stickerInfoPopup.visible"
[7m  [0m [91m    ~~~~~~~~~~~~~~~~~~~~~~~~~~~~~~~~~~~~[0m

  [96mprojects/simpi-frontend-common/src/step-editor/components/step-editor.component.ts[0m:[93m66[0m:[93m16[0m
    [7m66[0m   templateUrl: "step-editor.component.html",
    [7m  [0m [96m               ~~~~~~~~~~~~~~~~~~~~~~~~~~~~[0m
    Error occurs in the template of component StepEditorComponent.


Error: [96mprojects/simpi-frontend-common/src/step-editor/components/step-editor.component.html[0m:[93m30[0m:[93m5[0m - [91merror[0m[90m NG8002: [0mCan't bind to 'position' since it isn't a known property of 'sim-sticker-info-popup'.
1. If 'sim-sticker-info-popup' is an Angular component and it has 'position' input, then verify that it is part of this module.
2. If 'sim-sticker-info-popup' is a Web Component then add 'CUSTOM_ELEMENTS_SCHEMA' to the '@NgModule.schemas' of this component to suppress this message.
3. To allow any property add 'NO_ERRORS_SCHEMA' to the '@NgModule.schemas' of this component.

[7m30[0m     [position]="stickerInfoPopup.position"
[7m  [0m [91m    ~~~~~~~~~~~~~~~~~~~~~~~~~~~~~~~~~~~~~~[0m

  [96mprojects/simpi-frontend-common/src/step-editor/components/step-editor.component.ts[0m:[93m66[0m:[93m16[0m
    [7m66[0m   templateUrl: "step-editor.component.html",
    [7m  [0m [96m               ~~~~~~~~~~~~~~~~~~~~~~~~~~~~[0m
    Error occurs in the template of component StepEditorComponent.


Error: [96mprojects/simpi-frontend-common/src/step-editor/components/step-editor.component.html[0m:[93m31[0m:[93m5[0m - [91merror[0m[90m NG8002: [0mCan't bind to 'data' since it isn't a known property of 'sim-sticker-info-popup'.
1. If 'sim-sticker-info-popup' is an Angular component and it has 'data' input, then verify that it is part of this module.
2. If 'sim-sticker-info-popup' is a Web Component then add 'CUSTOM_ELEMENTS_SCHEMA' to the '@NgModule.schemas' of this component to suppress this message.
3. To allow any property add 'NO_ERRORS_SCHEMA' to the '@NgModule.schemas' of this component.

[7m31[0m     [data]="stickerInfoPopup.data">
[7m  [0m [91m    ~~~~~~~~~~~~~~~~~~~~~~~~~~~~~~[0m

  [96mprojects/simpi-frontend-common/src/step-editor/components/step-editor.component.ts[0m:[93m66[0m:[93m16[0m
    [7m66[0m   templateUrl: "step-editor.component.html",
    [7m  [0m [96m               ~~~~~~~~~~~~~~~~~~~~~~~~~~~~[0m
    Error occurs in the template of component StepEditorComponent.




✖ Failed to compile.
✔ Browser application bundle generation complete.

Initial chunk files | Names   | Raw size
main.js             | main    |  1.62 MB | 
runtime.js          | runtime | 12.94 kB | 

13 unchanged chunks

Build at: 2025-07-26T22:42:36.285Z - Hash: 044b72299080018a - Time: 530ms

Error: [96mprojects/simpi-frontend-common/src/step-editor/components/interaction/stickerInteractionHandler.ts[0m:[93m82[0m:[93m34[0m - [91merror[0m[90m TS2339: [0mProperty 'absoluteOnPage' does not exist on type 'InteractionHost'.

[7m82[0m           const canvasPos = host.absoluteOnPage(pos);
[7m  [0m [91m                                 ~~~~~~~~~~~~~~[0m


Error: [96mprojects/simpi-frontend-common/src/step-editor/components/interaction/stickerInteractionHandler.ts[0m:[93m183[0m:[93m30[0m - [91merror[0m[90m TS2339: [0mProperty 'absoluteOnPage' does not exist on type 'InteractionHost'.

[7m183[0m       const canvasPos = host.absoluteOnPage(pos);
[7m   [0m [91m                             ~~~~~~~~~~~~~~[0m


Error: [96mprojects/simpi-frontend-common/src/step-editor/components/step-editor.component.html[0m:[93m28[0m:[93m3[0m - [91merror[0m[90m NG8001: [0m'sim-sticker-info-popup' is not a known element:
1. If 'sim-sticker-info-popup' is an Angular component, then verify that it is part of this module.
2. If 'sim-sticker-info-popup' is a Web Component then add 'CUSTOM_ELEMENTS_SCHEMA' to the '@NgModule.schemas' of this component to suppress this message.

[7m28[0m   <sim-sticker-info-popup
[7m  [0m [91m  ~~~~~~~~~~~~~~~~~~~~~~~[0m
[7m29[0m     [visible]="stickerInfoPopup.visible"
[7m  [0m [91m~~~~~~~~~~~~~~~~~~~~~~~~~~~~~~~~~~~~~~~~[0m
[7m30[0m     [position]="stickerInfoPopup.position"
[7m  [0m [91m~~~~~~~~~~~~~~~~~~~~~~~~~~~~~~~~~~~~~~~~~~[0m
[7m31[0m     [data]="stickerInfoPopup.data">
[7m  [0m [91m~~~~~~~~~~~~~~~~~~~~~~~~~~~~~~~~~~~[0m

  [96mprojects/simpi-frontend-common/src/step-editor/components/step-editor.component.ts[0m:[93m66[0m:[93m16[0m
    [7m66[0m   templateUrl: "step-editor.component.html",
    [7m  [0m [96m               ~~~~~~~~~~~~~~~~~~~~~~~~~~~~[0m
    Error occurs in the template of component StepEditorComponent.


Error: [96mprojects/simpi-frontend-common/src/step-editor/components/step-editor.component.html[0m:[93m29[0m:[93m5[0m - [91merror[0m[90m NG8002: [0mCan't bind to 'visible' since it isn't a known property of 'sim-sticker-info-popup'.
1. If 'sim-sticker-info-popup' is an Angular component and it has 'visible' input, then verify that it is part of this module.
2. If 'sim-sticker-info-popup' is a Web Component then add 'CUSTOM_ELEMENTS_SCHEMA' to the '@NgModule.schemas' of this component to suppress this message.
3. To allow any property add 'NO_ERRORS_SCHEMA' to the '@NgModule.schemas' of this component.

[7m29[0m     [visible]="stickerInfoPopup.visible"
[7m  [0m [91m    ~~~~~~~~~~~~~~~~~~~~~~~~~~~~~~~~~~~~[0m

  [96mprojects/simpi-frontend-common/src/step-editor/components/step-editor.component.ts[0m:[93m66[0m:[93m16[0m
    [7m66[0m   templateUrl: "step-editor.component.html",
    [7m  [0m [96m               ~~~~~~~~~~~~~~~~~~~~~~~~~~~~[0m
    Error occurs in the template of component StepEditorComponent.


Error: [96mprojects/simpi-frontend-common/src/step-editor/components/step-editor.component.html[0m:[93m30[0m:[93m5[0m - [91merror[0m[90m NG8002: [0mCan't bind to 'position' since it isn't a known property of 'sim-sticker-info-popup'.
1. If 'sim-sticker-info-popup' is an Angular component and it has 'position' input, then verify that it is part of this module.
2. If 'sim-sticker-info-popup' is a Web Component then add 'CUSTOM_ELEMENTS_SCHEMA' to the '@NgModule.schemas' of this component to suppress this message.
3. To allow any property add 'NO_ERRORS_SCHEMA' to the '@NgModule.schemas' of this component.

[7m30[0m     [position]="stickerInfoPopup.position"
[7m  [0m [91m    ~~~~~~~~~~~~~~~~~~~~~~~~~~~~~~~~~~~~~~[0m

  [96mprojects/simpi-frontend-common/src/step-editor/components/step-editor.component.ts[0m:[93m66[0m:[93m16[0m
    [7m66[0m   templateUrl: "step-editor.component.html",
    [7m  [0m [96m               ~~~~~~~~~~~~~~~~~~~~~~~~~~~~[0m
    Error occurs in the template of component StepEditorComponent.


Error: [96mprojects/simpi-frontend-common/src/step-editor/components/step-editor.component.html[0m:[93m31[0m:[93m5[0m - [91merror[0m[90m NG8002: [0mCan't bind to 'data' since it isn't a known property of 'sim-sticker-info-popup'.
1. If 'sim-sticker-info-popup' is an Angular component and it has 'data' input, then verify that it is part of this module.
2. If 'sim-sticker-info-popup' is a Web Component then add 'CUSTOM_ELEMENTS_SCHEMA' to the '@NgModule.schemas' of this component to suppress this message.
3. To allow any property add 'NO_ERRORS_SCHEMA' to the '@NgModule.schemas' of this component.

[7m31[0m     [data]="stickerInfoPopup.data">
[7m  [0m [91m    ~~~~~~~~~~~~~~~~~~~~~~~~~~~~~~[0m

  [96mprojects/simpi-frontend-common/src/step-editor/components/step-editor.component.ts[0m:[93m66[0m:[93m16[0m
    [7m66[0m   templateUrl: "step-editor.component.html",
    [7m  [0m [96m               ~~~~~~~~~~~~~~~~~~~~~~~~~~~~[0m
    Error occurs in the template of component StepEditorComponent.




✖ Failed to compile.
✔ Browser application bundle generation complete.

Initial chunk files | Names   | Raw size
main.js             | main    |  1.62 MB | 
runtime.js          | runtime | 12.94 kB | 

13 unchanged chunks

Build at: 2025-07-26T22:42:42.147Z - Hash: 7f93df66224ecad2 - Time: 398ms

Error: [96mprojects/simpi-frontend-common/src/step-editor/components/interaction/stickerInteractionHandler.ts[0m:[93m82[0m:[93m34[0m - [91merror[0m[90m TS2339: [0mProperty 'absoluteOnPage' does not exist on type 'InteractionHost'.

[7m82[0m           const canvasPos = host.absoluteOnPage(pos);
[7m  [0m [91m                                 ~~~~~~~~~~~~~~[0m


Error: [96mprojects/simpi-frontend-common/src/step-editor/components/interaction/stickerInteractionHandler.ts[0m:[93m186[0m:[93m30[0m - [91merror[0m[90m TS2339: [0mProperty 'absoluteOnPage' does not exist on type 'InteractionHost'.

[7m186[0m       const canvasPos = host.absoluteOnPage(pos);
[7m   [0m [91m                             ~~~~~~~~~~~~~~[0m


Error: [96mprojects/simpi-frontend-common/src/step-editor/components/step-editor.component.html[0m:[93m28[0m:[93m3[0m - [91merror[0m[90m NG8001: [0m'sim-sticker-info-popup' is not a known element:
1. If 'sim-sticker-info-popup' is an Angular component, then verify that it is part of this module.
2. If 'sim-sticker-info-popup' is a Web Component then add 'CUSTOM_ELEMENTS_SCHEMA' to the '@NgModule.schemas' of this component to suppress this message.

[7m28[0m   <sim-sticker-info-popup
[7m  [0m [91m  ~~~~~~~~~~~~~~~~~~~~~~~[0m
[7m29[0m     [visible]="stickerInfoPopup.visible"
[7m  [0m [91m~~~~~~~~~~~~~~~~~~~~~~~~~~~~~~~~~~~~~~~~[0m
[7m30[0m     [position]="stickerInfoPopup.position"
[7m  [0m [91m~~~~~~~~~~~~~~~~~~~~~~~~~~~~~~~~~~~~~~~~~~[0m
[7m31[0m     [data]="stickerInfoPopup.data">
[7m  [0m [91m~~~~~~~~~~~~~~~~~~~~~~~~~~~~~~~~~~~[0m

  [96mprojects/simpi-frontend-common/src/step-editor/components/step-editor.component.ts[0m:[93m66[0m:[93m16[0m
    [7m66[0m   templateUrl: "step-editor.component.html",
    [7m  [0m [96m               ~~~~~~~~~~~~~~~~~~~~~~~~~~~~[0m
    Error occurs in the template of component StepEditorComponent.


Error: [96mprojects/simpi-frontend-common/src/step-editor/components/step-editor.component.html[0m:[93m29[0m:[93m5[0m - [91merror[0m[90m NG8002: [0mCan't bind to 'visible' since it isn't a known property of 'sim-sticker-info-popup'.
1. If 'sim-sticker-info-popup' is an Angular component and it has 'visible' input, then verify that it is part of this module.
2. If 'sim-sticker-info-popup' is a Web Component then add 'CUSTOM_ELEMENTS_SCHEMA' to the '@NgModule.schemas' of this component to suppress this message.
3. To allow any property add 'NO_ERRORS_SCHEMA' to the '@NgModule.schemas' of this component.

[7m29[0m     [visible]="stickerInfoPopup.visible"
[7m  [0m [91m    ~~~~~~~~~~~~~~~~~~~~~~~~~~~~~~~~~~~~[0m

  [96mprojects/simpi-frontend-common/src/step-editor/components/step-editor.component.ts[0m:[93m66[0m:[93m16[0m
    [7m66[0m   templateUrl: "step-editor.component.html",
    [7m  [0m [96m               ~~~~~~~~~~~~~~~~~~~~~~~~~~~~[0m
    Error occurs in the template of component StepEditorComponent.


Error: [96mprojects/simpi-frontend-common/src/step-editor/components/step-editor.component.html[0m:[93m30[0m:[93m5[0m - [91merror[0m[90m NG8002: [0mCan't bind to 'position' since it isn't a known property of 'sim-sticker-info-popup'.
1. If 'sim-sticker-info-popup' is an Angular component and it has 'position' input, then verify that it is part of this module.
2. If 'sim-sticker-info-popup' is a Web Component then add 'CUSTOM_ELEMENTS_SCHEMA' to the '@NgModule.schemas' of this component to suppress this message.
3. To allow any property add 'NO_ERRORS_SCHEMA' to the '@NgModule.schemas' of this component.

[7m30[0m     [position]="stickerInfoPopup.position"
[7m  [0m [91m    ~~~~~~~~~~~~~~~~~~~~~~~~~~~~~~~~~~~~~~[0m

  [96mprojects/simpi-frontend-common/src/step-editor/components/step-editor.component.ts[0m:[93m66[0m:[93m16[0m
    [7m66[0m   templateUrl: "step-editor.component.html",
    [7m  [0m [96m               ~~~~~~~~~~~~~~~~~~~~~~~~~~~~[0m
    Error occurs in the template of component StepEditorComponent.


Error: [96mprojects/simpi-frontend-common/src/step-editor/components/step-editor.component.html[0m:[93m31[0m:[93m5[0m - [91merror[0m[90m NG8002: [0mCan't bind to 'data' since it isn't a known property of 'sim-sticker-info-popup'.
1. If 'sim-sticker-info-popup' is an Angular component and it has 'data' input, then verify that it is part of this module.
2. If 'sim-sticker-info-popup' is a Web Component then add 'CUSTOM_ELEMENTS_SCHEMA' to the '@NgModule.schemas' of this component to suppress this message.
3. To allow any property add 'NO_ERRORS_SCHEMA' to the '@NgModule.schemas' of this component.

[7m31[0m     [data]="stickerInfoPopup.data">
[7m  [0m [91m    ~~~~~~~~~~~~~~~~~~~~~~~~~~~~~~[0m

  [96mprojects/simpi-frontend-common/src/step-editor/components/step-editor.component.ts[0m:[93m66[0m:[93m16[0m
    [7m66[0m   templateUrl: "step-editor.component.html",
    [7m  [0m [96m               ~~~~~~~~~~~~~~~~~~~~~~~~~~~~[0m
    Error occurs in the template of component StepEditorComponent.




✖ Failed to compile.
✔ Browser application bundle generation complete.

Initial chunk files | Names   | Raw size
main.js             | main    |  1.62 MB | 
runtime.js          | runtime | 12.94 kB | 

13 unchanged chunks

Build at: 2025-07-26T22:43:36.741Z - Hash: 3173dae7b07ebb67 - Time: 870ms

Error: [96mprojects/simpi-frontend-common/src/step-editor/components/interaction/stickerControlsInteractionHandler.ts[0m:[93m62[0m:[93m30[0m - [91merror[0m[90m TS2339: [0mProperty 'absoluteOnPage' does not exist on type 'InteractionHost'.

[7m62[0m       const canvasPos = host.absoluteOnPage(pos);
[7m  [0m [91m                             ~~~~~~~~~~~~~~[0m


Error: [96mprojects/simpi-frontend-common/src/step-editor/components/interaction/stickerInteractionHandler.ts[0m:[93m82[0m:[93m34[0m - [91merror[0m[90m TS2339: [0mProperty 'absoluteOnPage' does not exist on type 'InteractionHost'.

[7m82[0m           const canvasPos = host.absoluteOnPage(pos);
[7m  [0m [91m                                 ~~~~~~~~~~~~~~[0m


Error: [96mprojects/simpi-frontend-common/src/step-editor/components/interaction/stickerInteractionHandler.ts[0m:[93m186[0m:[93m30[0m - [91merror[0m[90m TS2339: [0mProperty 'absoluteOnPage' does not exist on type 'InteractionHost'.

[7m186[0m       const canvasPos = host.absoluteOnPage(pos);
[7m   [0m [91m                             ~~~~~~~~~~~~~~[0m


Error: [96mprojects/simpi-frontend-common/src/step-editor/components/step-editor.component.html[0m:[93m28[0m:[93m3[0m - [91merror[0m[90m NG8001: [0m'sim-sticker-info-popup' is not a known element:
1. If 'sim-sticker-info-popup' is an Angular component, then verify that it is part of this module.
2. If 'sim-sticker-info-popup' is a Web Component then add 'CUSTOM_ELEMENTS_SCHEMA' to the '@NgModule.schemas' of this component to suppress this message.

[7m28[0m   <sim-sticker-info-popup
[7m  [0m [91m  ~~~~~~~~~~~~~~~~~~~~~~~[0m
[7m29[0m     [visible]="stickerInfoPopup.visible"
[7m  [0m [91m~~~~~~~~~~~~~~~~~~~~~~~~~~~~~~~~~~~~~~~~[0m
[7m30[0m     [position]="stickerInfoPopup.position"
[7m  [0m [91m~~~~~~~~~~~~~~~~~~~~~~~~~~~~~~~~~~~~~~~~~~[0m
[7m31[0m     [data]="stickerInfoPopup.data">
[7m  [0m [91m~~~~~~~~~~~~~~~~~~~~~~~~~~~~~~~~~~~[0m

  [96mprojects/simpi-frontend-common/src/step-editor/components/step-editor.component.ts[0m:[93m66[0m:[93m16[0m
    [7m66[0m   templateUrl: "step-editor.component.html",
    [7m  [0m [96m               ~~~~~~~~~~~~~~~~~~~~~~~~~~~~[0m
    Error occurs in the template of component StepEditorComponent.


Error: [96mprojects/simpi-frontend-common/src/step-editor/components/step-editor.component.html[0m:[93m29[0m:[93m5[0m - [91merror[0m[90m NG8002: [0mCan't bind to 'visible' since it isn't a known property of 'sim-sticker-info-popup'.
1. If 'sim-sticker-info-popup' is an Angular component and it has 'visible' input, then verify that it is part of this module.
2. If 'sim-sticker-info-popup' is a Web Component then add 'CUSTOM_ELEMENTS_SCHEMA' to the '@NgModule.schemas' of this component to suppress this message.
3. To allow any property add 'NO_ERRORS_SCHEMA' to the '@NgModule.schemas' of this component.

[7m29[0m     [visible]="stickerInfoPopup.visible"
[7m  [0m [91m    ~~~~~~~~~~~~~~~~~~~~~~~~~~~~~~~~~~~~[0m

  [96mprojects/simpi-frontend-common/src/step-editor/components/step-editor.component.ts[0m:[93m66[0m:[93m16[0m
    [7m66[0m   templateUrl: "step-editor.component.html",
    [7m  [0m [96m               ~~~~~~~~~~~~~~~~~~~~~~~~~~~~[0m
    Error occurs in the template of component StepEditorComponent.


Error: [96mprojects/simpi-frontend-common/src/step-editor/components/step-editor.component.html[0m:[93m30[0m:[93m5[0m - [91merror[0m[90m NG8002: [0mCan't bind to 'position' since it isn't a known property of 'sim-sticker-info-popup'.
1. If 'sim-sticker-info-popup' is an Angular component and it has 'position' input, then verify that it is part of this module.
2. If 'sim-sticker-info-popup' is a Web Component then add 'CUSTOM_ELEMENTS_SCHEMA' to the '@NgModule.schemas' of this component to suppress this message.
3. To allow any property add 'NO_ERRORS_SCHEMA' to the '@NgModule.schemas' of this component.

[7m30[0m     [position]="stickerInfoPopup.position"
[7m  [0m [91m    ~~~~~~~~~~~~~~~~~~~~~~~~~~~~~~~~~~~~~~[0m

  [96mprojects/simpi-frontend-common/src/step-editor/components/step-editor.component.ts[0m:[93m66[0m:[93m16[0m
    [7m66[0m   templateUrl: "step-editor.component.html",
    [7m  [0m [96m               ~~~~~~~~~~~~~~~~~~~~~~~~~~~~[0m
    Error occurs in the template of component StepEditorComponent.


Error: [96mprojects/simpi-frontend-common/src/step-editor/components/step-editor.component.html[0m:[93m31[0m:[93m5[0m - [91merror[0m[90m NG8002: [0mCan't bind to 'data' since it isn't a known property of 'sim-sticker-info-popup'.
1. If 'sim-sticker-info-popup' is an Angular component and it has 'data' input, then verify that it is part of this module.
2. If 'sim-sticker-info-popup' is a Web Component then add 'CUSTOM_ELEMENTS_SCHEMA' to the '@NgModule.schemas' of this component to suppress this message.
3. To allow any property add 'NO_ERRORS_SCHEMA' to the '@NgModule.schemas' of this component.

[7m31[0m     [data]="stickerInfoPopup.data">
[7m  [0m [91m    ~~~~~~~~~~~~~~~~~~~~~~~~~~~~~~[0m

  [96mprojects/simpi-frontend-common/src/step-editor/components/step-editor.component.ts[0m:[93m66[0m:[93m16[0m
    [7m66[0m   templateUrl: "step-editor.component.html",
    [7m  [0m [96m               ~~~~~~~~~~~~~~~~~~~~~~~~~~~~[0m
    Error occurs in the template of component StepEditorComponent.




✖ Failed to compile.
✔ Browser application bundle generation complete.

Initial chunk files | Names   | Raw size
main.js             | main    |  1.62 MB | 
runtime.js          | runtime | 12.94 kB | 

13 unchanged chunks

Build at: 2025-07-26T22:43:44.487Z - Hash: 324b1e152d1a4d39 - Time: 550ms

Error: [96mprojects/simpi-frontend-common/src/step-editor/components/interaction/stickerControlsInteractionHandler.ts[0m:[93m62[0m:[93m30[0m - [91merror[0m[90m TS2339: [0mProperty 'absoluteOnPage' does not exist on type 'InteractionHost'.

[7m62[0m       const canvasPos = host.absoluteOnPage(pos);
[7m  [0m [91m                             ~~~~~~~~~~~~~~[0m


Error: [96mprojects/simpi-frontend-common/src/step-editor/components/interaction/stickerControlsInteractionHandler.ts[0m:[93m121[0m:[93m32[0m - [91merror[0m[90m TS2339: [0mProperty 'absoluteOnPage' does not exist on type 'InteractionHost'.

[7m121[0m         const canvasPos = host.absoluteOnPage(pos);
[7m   [0m [91m                               ~~~~~~~~~~~~~~[0m


Error: [96mprojects/simpi-frontend-common/src/step-editor/components/interaction/stickerInteractionHandler.ts[0m:[93m82[0m:[93m34[0m - [91merror[0m[90m TS2339: [0mProperty 'absoluteOnPage' does not exist on type 'InteractionHost'.

[7m82[0m           const canvasPos = host.absoluteOnPage(pos);
[7m  [0m [91m                                 ~~~~~~~~~~~~~~[0m


Error: [96mprojects/simpi-frontend-common/src/step-editor/components/interaction/stickerInteractionHandler.ts[0m:[93m186[0m:[93m30[0m - [91merror[0m[90m TS2339: [0mProperty 'absoluteOnPage' does not exist on type 'InteractionHost'.

[7m186[0m       const canvasPos = host.absoluteOnPage(pos);
[7m   [0m [91m                             ~~~~~~~~~~~~~~[0m


Error: [96mprojects/simpi-frontend-common/src/step-editor/components/step-editor.component.html[0m:[93m28[0m:[93m3[0m - [91merror[0m[90m NG8001: [0m'sim-sticker-info-popup' is not a known element:
1. If 'sim-sticker-info-popup' is an Angular component, then verify that it is part of this module.
2. If 'sim-sticker-info-popup' is a Web Component then add 'CUSTOM_ELEMENTS_SCHEMA' to the '@NgModule.schemas' of this component to suppress this message.

[7m28[0m   <sim-sticker-info-popup
[7m  [0m [91m  ~~~~~~~~~~~~~~~~~~~~~~~[0m
[7m29[0m     [visible]="stickerInfoPopup.visible"
[7m  [0m [91m~~~~~~~~~~~~~~~~~~~~~~~~~~~~~~~~~~~~~~~~[0m
[7m30[0m     [position]="stickerInfoPopup.position"
[7m  [0m [91m~~~~~~~~~~~~~~~~~~~~~~~~~~~~~~~~~~~~~~~~~~[0m
[7m31[0m     [data]="stickerInfoPopup.data">
[7m  [0m [91m~~~~~~~~~~~~~~~~~~~~~~~~~~~~~~~~~~~[0m

  [96mprojects/simpi-frontend-common/src/step-editor/components/step-editor.component.ts[0m:[93m66[0m:[93m16[0m
    [7m66[0m   templateUrl: "step-editor.component.html",
    [7m  [0m [96m               ~~~~~~~~~~~~~~~~~~~~~~~~~~~~[0m
    Error occurs in the template of component StepEditorComponent.


Error: [96mprojects/simpi-frontend-common/src/step-editor/components/step-editor.component.html[0m:[93m29[0m:[93m5[0m - [91merror[0m[90m NG8002: [0mCan't bind to 'visible' since it isn't a known property of 'sim-sticker-info-popup'.
1. If 'sim-sticker-info-popup' is an Angular component and it has 'visible' input, then verify that it is part of this module.
2. If 'sim-sticker-info-popup' is a Web Component then add 'CUSTOM_ELEMENTS_SCHEMA' to the '@NgModule.schemas' of this component to suppress this message.
3. To allow any property add 'NO_ERRORS_SCHEMA' to the '@NgModule.schemas' of this component.

[7m29[0m     [visible]="stickerInfoPopup.visible"
[7m  [0m [91m    ~~~~~~~~~~~~~~~~~~~~~~~~~~~~~~~~~~~~[0m

  [96mprojects/simpi-frontend-common/src/step-editor/components/step-editor.component.ts[0m:[93m66[0m:[93m16[0m
    [7m66[0m   templateUrl: "step-editor.component.html",
    [7m  [0m [96m               ~~~~~~~~~~~~~~~~~~~~~~~~~~~~[0m
    Error occurs in the template of component StepEditorComponent.


Error: [96mprojects/simpi-frontend-common/src/step-editor/components/step-editor.component.html[0m:[93m30[0m:[93m5[0m - [91merror[0m[90m NG8002: [0mCan't bind to 'position' since it isn't a known property of 'sim-sticker-info-popup'.
1. If 'sim-sticker-info-popup' is an Angular component and it has 'position' input, then verify that it is part of this module.
2. If 'sim-sticker-info-popup' is a Web Component then add 'CUSTOM_ELEMENTS_SCHEMA' to the '@NgModule.schemas' of this component to suppress this message.
3. To allow any property add 'NO_ERRORS_SCHEMA' to the '@NgModule.schemas' of this component.

[7m30[0m     [position]="stickerInfoPopup.position"
[7m  [0m [91m    ~~~~~~~~~~~~~~~~~~~~~~~~~~~~~~~~~~~~~~[0m

  [96mprojects/simpi-frontend-common/src/step-editor/components/step-editor.component.ts[0m:[93m66[0m:[93m16[0m
    [7m66[0m   templateUrl: "step-editor.component.html",
    [7m  [0m [96m               ~~~~~~~~~~~~~~~~~~~~~~~~~~~~[0m
    Error occurs in the template of component StepEditorComponent.


Error: [96mprojects/simpi-frontend-common/src/step-editor/components/step-editor.component.html[0m:[93m31[0m:[93m5[0m - [91merror[0m[90m NG8002: [0mCan't bind to 'data' since it isn't a known property of 'sim-sticker-info-popup'.
1. If 'sim-sticker-info-popup' is an Angular component and it has 'data' input, then verify that it is part of this module.
2. If 'sim-sticker-info-popup' is a Web Component then add 'CUSTOM_ELEMENTS_SCHEMA' to the '@NgModule.schemas' of this component to suppress this message.
3. To allow any property add 'NO_ERRORS_SCHEMA' to the '@NgModule.schemas' of this component.

[7m31[0m     [data]="stickerInfoPopup.data">
[7m  [0m [91m    ~~~~~~~~~~~~~~~~~~~~~~~~~~~~~~[0m

  [96mprojects/simpi-frontend-common/src/step-editor/components/step-editor.component.ts[0m:[93m66[0m:[93m16[0m
    [7m66[0m   templateUrl: "step-editor.component.html",
    [7m  [0m [96m               ~~~~~~~~~~~~~~~~~~~~~~~~~~~~[0m
    Error occurs in the template of component StepEditorComponent.




✖ Failed to compile.
✔ Browser application bundle generation complete.

Initial chunk files | Names   | Raw size
main.js             | main    |  1.62 MB | 
runtime.js          | runtime | 12.94 kB | 

13 unchanged chunks

Build at: 2025-07-26T22:43:51.809Z - Hash: 7e3566097189700d - Time: 621ms

Error: [96mprojects/simpi-frontend-common/src/step-editor/components/interaction/stickerControlsInteractionHandler.ts[0m:[93m62[0m:[93m30[0m - [91merror[0m[90m TS2339: [0mProperty 'absoluteOnPage' does not exist on type 'InteractionHost'.

[7m62[0m       const canvasPos = host.absoluteOnPage(pos);
[7m  [0m [91m                             ~~~~~~~~~~~~~~[0m


Error: [96mprojects/simpi-frontend-common/src/step-editor/components/interaction/stickerControlsInteractionHandler.ts[0m:[93m125[0m:[93m32[0m - [91merror[0m[90m TS2339: [0mProperty 'absoluteOnPage' does not exist on type 'InteractionHost'.

[7m125[0m         const canvasPos = host.absoluteOnPage(pos);
[7m   [0m [91m                               ~~~~~~~~~~~~~~[0m


Error: [96mprojects/simpi-frontend-common/src/step-editor/components/interaction/stickerInteractionHandler.ts[0m:[93m82[0m:[93m34[0m - [91merror[0m[90m TS2339: [0mProperty 'absoluteOnPage' does not exist on type 'InteractionHost'.

[7m82[0m           const canvasPos = host.absoluteOnPage(pos);
[7m  [0m [91m                                 ~~~~~~~~~~~~~~[0m


Error: [96mprojects/simpi-frontend-common/src/step-editor/components/interaction/stickerInteractionHandler.ts[0m:[93m186[0m:[93m30[0m - [91merror[0m[90m TS2339: [0mProperty 'absoluteOnPage' does not exist on type 'InteractionHost'.

[7m186[0m       const canvasPos = host.absoluteOnPage(pos);
[7m   [0m [91m                             ~~~~~~~~~~~~~~[0m


Error: [96mprojects/simpi-frontend-common/src/step-editor/components/step-editor.component.html[0m:[93m28[0m:[93m3[0m - [91merror[0m[90m NG8001: [0m'sim-sticker-info-popup' is not a known element:
1. If 'sim-sticker-info-popup' is an Angular component, then verify that it is part of this module.
2. If 'sim-sticker-info-popup' is a Web Component then add 'CUSTOM_ELEMENTS_SCHEMA' to the '@NgModule.schemas' of this component to suppress this message.

[7m28[0m   <sim-sticker-info-popup
[7m  [0m [91m  ~~~~~~~~~~~~~~~~~~~~~~~[0m
[7m29[0m     [visible]="stickerInfoPopup.visible"
[7m  [0m [91m~~~~~~~~~~~~~~~~~~~~~~~~~~~~~~~~~~~~~~~~[0m
[7m30[0m     [position]="stickerInfoPopup.position"
[7m  [0m [91m~~~~~~~~~~~~~~~~~~~~~~~~~~~~~~~~~~~~~~~~~~[0m
[7m31[0m     [data]="stickerInfoPopup.data">
[7m  [0m [91m~~~~~~~~~~~~~~~~~~~~~~~~~~~~~~~~~~~[0m

  [96mprojects/simpi-frontend-common/src/step-editor/components/step-editor.component.ts[0m:[93m66[0m:[93m16[0m
    [7m66[0m   templateUrl: "step-editor.component.html",
    [7m  [0m [96m               ~~~~~~~~~~~~~~~~~~~~~~~~~~~~[0m
    Error occurs in the template of component StepEditorComponent.


Error: [96mprojects/simpi-frontend-common/src/step-editor/components/step-editor.component.html[0m:[93m29[0m:[93m5[0m - [91merror[0m[90m NG8002: [0mCan't bind to 'visible' since it isn't a known property of 'sim-sticker-info-popup'.
1. If 'sim-sticker-info-popup' is an Angular component and it has 'visible' input, then verify that it is part of this module.
2. If 'sim-sticker-info-popup' is a Web Component then add 'CUSTOM_ELEMENTS_SCHEMA' to the '@NgModule.schemas' of this component to suppress this message.
3. To allow any property add 'NO_ERRORS_SCHEMA' to the '@NgModule.schemas' of this component.

[7m29[0m     [visible]="stickerInfoPopup.visible"
[7m  [0m [91m    ~~~~~~~~~~~~~~~~~~~~~~~~~~~~~~~~~~~~[0m

  [96mprojects/simpi-frontend-common/src/step-editor/components/step-editor.component.ts[0m:[93m66[0m:[93m16[0m
    [7m66[0m   templateUrl: "step-editor.component.html",
    [7m  [0m [96m               ~~~~~~~~~~~~~~~~~~~~~~~~~~~~[0m
    Error occurs in the template of component StepEditorComponent.


Error: [96mprojects/simpi-frontend-common/src/step-editor/components/step-editor.component.html[0m:[93m30[0m:[93m5[0m - [91merror[0m[90m NG8002: [0mCan't bind to 'position' since it isn't a known property of 'sim-sticker-info-popup'.
1. If 'sim-sticker-info-popup' is an Angular component and it has 'position' input, then verify that it is part of this module.
2. If 'sim-sticker-info-popup' is a Web Component then add 'CUSTOM_ELEMENTS_SCHEMA' to the '@NgModule.schemas' of this component to suppress this message.
3. To allow any property add 'NO_ERRORS_SCHEMA' to the '@NgModule.schemas' of this component.

[7m30[0m     [position]="stickerInfoPopup.position"
[7m  [0m [91m    ~~~~~~~~~~~~~~~~~~~~~~~~~~~~~~~~~~~~~~[0m

  [96mprojects/simpi-frontend-common/src/step-editor/components/step-editor.component.ts[0m:[93m66[0m:[93m16[0m
    [7m66[0m   templateUrl: "step-editor.component.html",
    [7m  [0m [96m               ~~~~~~~~~~~~~~~~~~~~~~~~~~~~[0m
    Error occurs in the template of component StepEditorComponent.


Error: [96mprojects/simpi-frontend-common/src/step-editor/components/step-editor.component.html[0m:[93m31[0m:[93m5[0m - [91merror[0m[90m NG8002: [0mCan't bind to 'data' since it isn't a known property of 'sim-sticker-info-popup'.
1. If 'sim-sticker-info-popup' is an Angular component and it has 'data' input, then verify that it is part of this module.
2. If 'sim-sticker-info-popup' is a Web Component then add 'CUSTOM_ELEMENTS_SCHEMA' to the '@NgModule.schemas' of this component to suppress this message.
3. To allow any property add 'NO_ERRORS_SCHEMA' to the '@NgModule.schemas' of this component.

[7m31[0m     [data]="stickerInfoPopup.data">
[7m  [0m [91m    ~~~~~~~~~~~~~~~~~~~~~~~~~~~~~~[0m

  [96mprojects/simpi-frontend-common/src/step-editor/components/step-editor.component.ts[0m:[93m66[0m:[93m16[0m
    [7m66[0m   templateUrl: "step-editor.component.html",
    [7m  [0m [96m               ~~~~~~~~~~~~~~~~~~~~~~~~~~~~[0m
    Error occurs in the template of component StepEditorComponent.




✖ Failed to compile.
✔ Browser application bundle generation complete.

Initial chunk files | Names   | Raw size
main.js             | main    |  1.62 MB | 
runtime.js          | runtime | 12.94 kB | 

13 unchanged chunks

Build at: 2025-07-26T22:46:34.793Z - Hash: 54816aec50928eb0 - Time: 1207ms

Error: [96mprojects/simpi-frontend-common/src/step-editor/components/interaction/stickerControlsInteractionHandler.ts[0m:[93m62[0m:[93m30[0m - [91merror[0m[90m TS2339: [0mProperty 'absoluteOnPage' does not exist on type 'InteractionHost'.

[7m62[0m       const canvasPos = host.absoluteOnPage(pos);
[7m  [0m [91m                             ~~~~~~~~~~~~~~[0m


Error: [96mprojects/simpi-frontend-common/src/step-editor/components/interaction/stickerControlsInteractionHandler.ts[0m:[93m125[0m:[93m32[0m - [91merror[0m[90m TS2339: [0mProperty 'absoluteOnPage' does not exist on type 'InteractionHost'.

[7m125[0m         const canvasPos = host.absoluteOnPage(pos);
[7m   [0m [91m                               ~~~~~~~~~~~~~~[0m


Error: [96mprojects/simpi-frontend-common/src/step-editor/components/interaction/stickerInteractionHandler.ts[0m:[93m82[0m:[93m34[0m - [91merror[0m[90m TS2339: [0mProperty 'absoluteOnPage' does not exist on type 'InteractionHost'.

[7m82[0m           const canvasPos = host.absoluteOnPage(pos);
[7m  [0m [91m                                 ~~~~~~~~~~~~~~[0m


Error: [96mprojects/simpi-frontend-common/src/step-editor/components/interaction/stickerInteractionHandler.ts[0m:[93m186[0m:[93m30[0m - [91merror[0m[90m TS2339: [0mProperty 'absoluteOnPage' does not exist on type 'InteractionHost'.

[7m186[0m       const canvasPos = host.absoluteOnPage(pos);
[7m   [0m [91m                             ~~~~~~~~~~~~~~[0m


Error: [96mprojects/simpi-frontend-common/src/step-editor/components/step-editor.component.html[0m:[93m28[0m:[93m3[0m - [91merror[0m[90m NG8001: [0m'sim-sticker-info-popup' is not a known element:
1. If 'sim-sticker-info-popup' is an Angular component, then verify that it is part of this module.
2. If 'sim-sticker-info-popup' is a Web Component then add 'CUSTOM_ELEMENTS_SCHEMA' to the '@NgModule.schemas' of this component to suppress this message.

[7m28[0m   <sim-sticker-info-popup
[7m  [0m [91m  ~~~~~~~~~~~~~~~~~~~~~~~[0m
[7m29[0m     [visible]="stickerInfoPopup.visible"
[7m  [0m [91m~~~~~~~~~~~~~~~~~~~~~~~~~~~~~~~~~~~~~~~~[0m
[7m30[0m     [position]="stickerInfoPopup.position"
[7m  [0m [91m~~~~~~~~~~~~~~~~~~~~~~~~~~~~~~~~~~~~~~~~~~[0m
[7m31[0m     [data]="stickerInfoPopup.data">
[7m  [0m [91m~~~~~~~~~~~~~~~~~~~~~~~~~~~~~~~~~~~[0m

  [96mprojects/simpi-frontend-common/src/step-editor/components/step-editor.component.ts[0m:[93m66[0m:[93m16[0m
    [7m66[0m   templateUrl: "step-editor.component.html",
    [7m  [0m [96m               ~~~~~~~~~~~~~~~~~~~~~~~~~~~~[0m
    Error occurs in the template of component StepEditorComponent.


Error: [96mprojects/simpi-frontend-common/src/step-editor/components/step-editor.component.html[0m:[93m29[0m:[93m5[0m - [91merror[0m[90m NG8002: [0mCan't bind to 'visible' since it isn't a known property of 'sim-sticker-info-popup'.
1. If 'sim-sticker-info-popup' is an Angular component and it has 'visible' input, then verify that it is part of this module.
2. If 'sim-sticker-info-popup' is a Web Component then add 'CUSTOM_ELEMENTS_SCHEMA' to the '@NgModule.schemas' of this component to suppress this message.
3. To allow any property add 'NO_ERRORS_SCHEMA' to the '@NgModule.schemas' of this component.

[7m29[0m     [visible]="stickerInfoPopup.visible"
[7m  [0m [91m    ~~~~~~~~~~~~~~~~~~~~~~~~~~~~~~~~~~~~[0m

  [96mprojects/simpi-frontend-common/src/step-editor/components/step-editor.component.ts[0m:[93m66[0m:[93m16[0m
    [7m66[0m   templateUrl: "step-editor.component.html",
    [7m  [0m [96m               ~~~~~~~~~~~~~~~~~~~~~~~~~~~~[0m
    Error occurs in the template of component StepEditorComponent.


Error: [96mprojects/simpi-frontend-common/src/step-editor/components/step-editor.component.html[0m:[93m30[0m:[93m5[0m - [91merror[0m[90m NG8002: [0mCan't bind to 'position' since it isn't a known property of 'sim-sticker-info-popup'.
1. If 'sim-sticker-info-popup' is an Angular component and it has 'position' input, then verify that it is part of this module.
2. If 'sim-sticker-info-popup' is a Web Component then add 'CUSTOM_ELEMENTS_SCHEMA' to the '@NgModule.schemas' of this component to suppress this message.
3. To allow any property add 'NO_ERRORS_SCHEMA' to the '@NgModule.schemas' of this component.

[7m30[0m     [position]="stickerInfoPopup.position"
[7m  [0m [91m    ~~~~~~~~~~~~~~~~~~~~~~~~~~~~~~~~~~~~~~[0m

  [96mprojects/simpi-frontend-common/src/step-editor/components/step-editor.component.ts[0m:[93m66[0m:[93m16[0m
    [7m66[0m   templateUrl: "step-editor.component.html",
    [7m  [0m [96m               ~~~~~~~~~~~~~~~~~~~~~~~~~~~~[0m
    Error occurs in the template of component StepEditorComponent.


Error: [96mprojects/simpi-frontend-common/src/step-editor/components/step-editor.component.html[0m:[93m31[0m:[93m5[0m - [91merror[0m[90m NG8002: [0mCan't bind to 'data' since it isn't a known property of 'sim-sticker-info-popup'.
1. If 'sim-sticker-info-popup' is an Angular component and it has 'data' input, then verify that it is part of this module.
2. If 'sim-sticker-info-popup' is a Web Component then add 'CUSTOM_ELEMENTS_SCHEMA' to the '@NgModule.schemas' of this component to suppress this message.
3. To allow any property add 'NO_ERRORS_SCHEMA' to the '@NgModule.schemas' of this component.

[7m31[0m     [data]="stickerInfoPopup.data">
[7m  [0m [91m    ~~~~~~~~~~~~~~~~~~~~~~~~~~~~~~[0m

  [96mprojects/simpi-frontend-common/src/step-editor/components/step-editor.component.ts[0m:[93m66[0m:[93m16[0m
    [7m66[0m   templateUrl: "step-editor.component.html",
    [7m  [0m [96m               ~~~~~~~~~~~~~~~~~~~~~~~~~~~~[0m
    Error occurs in the template of component StepEditorComponent.




✖ Failed to compile.
✔ Browser application bundle generation complete.

Initial chunk files | Names   | Raw size
main.js             | main    |  1.63 MB | 
runtime.js          | runtime | 12.94 kB | 

13 unchanged chunks

Build at: 2025-07-26T22:46:39.603Z - Hash: 0d24cd1840a4648f - Time: 1186ms

Error: [96mprojects/simpi-frontend-common/src/step-editor/components/interaction/stickerControlsInteractionHandler.ts[0m:[93m62[0m:[93m30[0m - [91merror[0m[90m TS2339: [0mProperty 'absoluteOnPage' does not exist on type 'InteractionHost'.

[7m62[0m       const canvasPos = host.absoluteOnPage(pos);
[7m  [0m [91m                             ~~~~~~~~~~~~~~[0m


Error: [96mprojects/simpi-frontend-common/src/step-editor/components/interaction/stickerControlsInteractionHandler.ts[0m:[93m125[0m:[93m32[0m - [91merror[0m[90m TS2339: [0mProperty 'absoluteOnPage' does not exist on type 'InteractionHost'.

[7m125[0m         const canvasPos = host.absoluteOnPage(pos);
[7m   [0m [91m                               ~~~~~~~~~~~~~~[0m


Error: [96mprojects/simpi-frontend-common/src/step-editor/components/interaction/stickerInteractionHandler.ts[0m:[93m82[0m:[93m34[0m - [91merror[0m[90m TS2339: [0mProperty 'absoluteOnPage' does not exist on type 'InteractionHost'.

[7m82[0m           const canvasPos = host.absoluteOnPage(pos);
[7m  [0m [91m                                 ~~~~~~~~~~~~~~[0m


Error: [96mprojects/simpi-frontend-common/src/step-editor/components/interaction/stickerInteractionHandler.ts[0m:[93m186[0m:[93m30[0m - [91merror[0m[90m TS2339: [0mProperty 'absoluteOnPage' does not exist on type 'InteractionHost'.

[7m186[0m       const canvasPos = host.absoluteOnPage(pos);
[7m   [0m [91m                             ~~~~~~~~~~~~~~[0m




✖ Failed to compile.
✔ Browser application bundle generation complete.

Initial chunk files | Names   | Raw size
main.js             | main    |  1.63 MB | 
runtime.js          | runtime | 12.94 kB | 

13 unchanged chunks

Build at: 2025-07-26T22:47:37.901Z - Hash: d1fe294d48cc82ae - Time: 478ms

Error: [96mprojects/simpi-frontend-common/src/step-editor/components/interaction/stickerControlsInteractionHandler.ts[0m:[93m62[0m:[93m30[0m - [91merror[0m[90m TS2339: [0mProperty 'absoluteOnPage' does not exist on type 'InteractionHost'.

[7m62[0m       const canvasPos = host.absoluteOnPage(pos);
[7m  [0m [91m                             ~~~~~~~~~~~~~~[0m


Error: [96mprojects/simpi-frontend-common/src/step-editor/components/interaction/stickerControlsInteractionHandler.ts[0m:[93m125[0m:[93m32[0m - [91merror[0m[90m TS2339: [0mProperty 'absoluteOnPage' does not exist on type 'InteractionHost'.

[7m125[0m         const canvasPos = host.absoluteOnPage(pos);
[7m   [0m [91m                               ~~~~~~~~~~~~~~[0m


Error: [96mprojects/simpi-frontend-common/src/step-editor/components/interaction/stickerInteractionHandler.ts[0m:[93m186[0m:[93m30[0m - [91merror[0m[90m TS2339: [0mProperty 'absoluteOnPage' does not exist on type 'InteractionHost'.

[7m186[0m       const canvasPos = host.absoluteOnPage(pos);
[7m   [0m [91m                             ~~~~~~~~~~~~~~[0m




✖ Failed to compile.
✔ Browser application bundle generation complete.

Initial chunk files | Names   | Raw size
main.js             | main    |  1.63 MB | 
runtime.js          | runtime | 12.94 kB | 

13 unchanged chunks

Build at: 2025-07-26T22:47:43.809Z - Hash: 85ec1bc51eeabccd - Time: 294ms

Error: [96mprojects/simpi-frontend-common/src/step-editor/components/interaction/stickerControlsInteractionHandler.ts[0m:[93m62[0m:[93m30[0m - [91merror[0m[90m TS2339: [0mProperty 'absoluteOnPage' does not exist on type 'InteractionHost'.

[7m62[0m       const canvasPos = host.absoluteOnPage(pos);
[7m  [0m [91m                             ~~~~~~~~~~~~~~[0m


Error: [96mprojects/simpi-frontend-common/src/step-editor/components/interaction/stickerControlsInteractionHandler.ts[0m:[93m125[0m:[93m32[0m - [91merror[0m[90m TS2339: [0mProperty 'absoluteOnPage' does not exist on type 'InteractionHost'.

[7m125[0m         const canvasPos = host.absoluteOnPage(pos);
[7m   [0m [91m                               ~~~~~~~~~~~~~~[0m




✖ Failed to compile.
✔ Browser application bundle generation complete.

Initial chunk files | Names   | Raw size
main.js             | main    |  1.63 MB | 
runtime.js          | runtime | 12.94 kB | 

13 unchanged chunks

Build at: 2025-07-26T22:47:48.661Z - Hash: 39eb1f1b73b24d80 - Time: 284ms

Error: [96mprojects/simpi-frontend-common/src/step-editor/components/interaction/stickerControlsInteractionHandler.ts[0m:[93m125[0m:[93m32[0m - [91merror[0m[90m TS2339: [0mProperty 'absoluteOnPage' does not exist on type 'InteractionHost'.

[7m125[0m         const canvasPos = host.absoluteOnPage(pos);
[7m   [0m [91m                               ~~~~~~~~~~~~~~[0m




✖ Failed to compile.
✔ Browser application bundle generation complete.

Initial chunk files | Names   | Raw size
main.js             | main    |  1.63 MB | 
runtime.js          | runtime | 12.94 kB | 

13 unchanged chunks

Build at: 2025-07-26T22:47:54.661Z - Hash: 692d2714ae24454a - Time: 554ms

✔ Compiled successfully.
✔ Browser application bundle generation complete.

Initial chunk files | Names   | Raw size
main.js             | main    |  1.63 MB | 
runtime.js          | runtime | 12.94 kB | 

13 unchanged chunks

Build at: 2025-07-26T22:50:14.876Z - Hash: c6bf51f92757f337 - Time: 910ms

Error: [96mprojects/simpi-frontend-common/src/step-editor/components/step-editor.component.ts[0m:[93m1429[0m:[93m5[0m - [91merror[0m[90m TS2741: [0mProperty 'rotation' is missing in type '{ x: number; y: number; scale: number; }' but required in type 'StickerInfoData'.

[7m1429[0m     this.stickerInfoPopup.data = {
[7m    [0m [91m    ~~~~~~~~~~~~~~~~~~~~~~~~~~[0m

  [96mprojects/simpi-frontend-common/src/step-editor/components/sticker-info-popup/sticker-info-popup.component.ts[0m:[93m7[0m:[93m3[0m
    [7m7[0m   rotation: number; // Rotation angle in radians
    [7m [0m [96m  ~~~~~~~~[0m
    'rotation' is declared here.


Error: [96mprojects/simpi-frontend-common/src/step-editor/components/step-editor.component.ts[0m:[93m1450[0m:[93m7[0m - [91merror[0m[90m TS2741: [0mProperty 'rotation' is missing in type '{ x: number; y: number; scale: number; }' but required in type 'StickerInfoData'.

[7m1450[0m       this.stickerInfoPopup.data = {
[7m    [0m [91m      ~~~~~~~~~~~~~~~~~~~~~~~~~~[0m

  [96mprojects/simpi-frontend-common/src/step-editor/components/sticker-info-popup/sticker-info-popup.component.ts[0m:[93m7[0m:[93m3[0m
    [7m7[0m   rotation: number; // Rotation angle in radians
    [7m [0m [96m  ~~~~~~~~[0m
    'rotation' is declared here.




✖ Failed to compile.
✔ Browser application bundle generation complete.

Initial chunk files | Names   | Raw size
main.js             | main    |  1.63 MB | 
runtime.js          | runtime | 12.94 kB | 

13 unchanged chunks

Build at: 2025-07-26T22:50:19.520Z - Hash: 8c635dfde3471507 - Time: 472ms

Error: [96mprojects/simpi-frontend-common/src/step-editor/components/step-editor.component.ts[0m:[93m1429[0m:[93m5[0m - [91merror[0m[90m TS2741: [0mProperty 'rotation' is missing in type '{ x: number; y: number; scale: number; }' but required in type 'StickerInfoData'.

[7m1429[0m     this.stickerInfoPopup.data = {
[7m    [0m [91m    ~~~~~~~~~~~~~~~~~~~~~~~~~~[0m

  [96mprojects/simpi-frontend-common/src/step-editor/components/sticker-info-popup/sticker-info-popup.component.ts[0m:[93m7[0m:[93m3[0m
    [7m7[0m   rotation: number; // Rotation angle in radians
    [7m [0m [96m  ~~~~~~~~[0m
    'rotation' is declared here.


Error: [96mprojects/simpi-frontend-common/src/step-editor/components/step-editor.component.ts[0m:[93m1450[0m:[93m7[0m - [91merror[0m[90m TS2741: [0mProperty 'rotation' is missing in type '{ x: number; y: number; scale: number; }' but required in type 'StickerInfoData'.

[7m1450[0m       this.stickerInfoPopup.data = {
[7m    [0m [91m      ~~~~~~~~~~~~~~~~~~~~~~~~~~[0m

  [96mprojects/simpi-frontend-common/src/step-editor/components/sticker-info-popup/sticker-info-popup.component.ts[0m:[93m7[0m:[93m3[0m
    [7m7[0m   rotation: number; // Rotation angle in radians
    [7m [0m [96m  ~~~~~~~~[0m
    'rotation' is declared here.




✖ Failed to compile.
✔ Browser application bundle generation complete.

Initial chunk files | Names   | Raw size
main.js             | main    |  1.63 MB | 
runtime.js          | runtime | 12.94 kB | 

13 unchanged chunks

Build at: 2025-07-26T22:51:10.794Z - Hash: bc42a45706cbb17b - Time: 1160ms

✔ Compiled successfully.
✔ Browser application bundle generation complete.

Initial chunk files | Names   | Raw size
main.js             | main    |  1.63 MB | 
runtime.js          | runtime | 12.94 kB | 

13 unchanged chunks

Build at: 2025-07-26T22:51:16.410Z - Hash: ffc10ae0737369f0 - Time: 577ms

✔ Compiled successfully.
✔ Browser application bundle generation complete.

Initial chunk files | Names   | Raw size
main.js             | main    |  1.63 MB | 
runtime.js          | runtime | 12.94 kB | 

13 unchanged chunks

Build at: 2025-07-26T22:51:23.159Z - Hash: bd2676239586a30e - Time: 580ms

✔ Compiled successfully.
✔ Browser application bundle generation complete.

Initial chunk files | Names   | Raw size
main.js             | main    |  1.63 MB | 
runtime.js          | runtime | 12.94 kB | 

13 unchanged chunks

Build at: 2025-07-26T22:51:29.542Z - Hash: e01b90e739fbee83 - Time: 564ms

✔ Compiled successfully.
✔ Browser application bundle generation complete.

Initial chunk files | Names   | Raw size
main.js             | main    |  1.63 MB | 
runtime.js          | runtime | 12.94 kB | 

13 unchanged chunks

Build at: 2025-07-26T22:51:34.421Z - Hash: b591c63fd50d8d7a - Time: 396ms

✔ Compiled successfully.
✔ Browser application bundle generation complete.

Initial chunk files | Names   | Raw size
main.js             | main    |  1.63 MB | 
runtime.js          | runtime | 12.94 kB | 

13 unchanged chunks

Build at: 2025-07-26T22:51:47.243Z - Hash: 039e57560031154d - Time: 519ms

✔ Compiled successfully.
✔ Browser application bundle generation complete.

Initial chunk files | Names   | Raw size
main.js             | main    |  1.63 MB | 
runtime.js          | runtime | 12.94 kB | 

13 unchanged chunks

Build at: 2025-07-26T22:51:53.798Z - Hash: e6fc5a23c1649f5d - Time: 566ms

✔ Compiled successfully.
✔ Browser application bundle generation complete.

Initial chunk files | Names   | Raw size
main.js             | main    |  1.63 MB | 
runtime.js          | runtime | 12.94 kB | 

13 unchanged chunks

Build at: 2025-07-26T22:51:58.725Z - Hash: e31ce8b188ce275e - Time: 538ms

✔ Compiled successfully.
✔ Browser application bundle generation complete.

Initial chunk files | Names   | Raw size
main.js             | main    |  1.63 MB | 
runtime.js          | runtime | 12.94 kB | 

13 unchanged chunks

Build at: 2025-07-26T22:54:00.845Z - Hash: c05893adb3a78c81 - Time: 911ms

✔ Compiled successfully.
✔ Browser application bundle generation complete.

Initial chunk files | Names   | Raw size
main.js             | main    |  1.63 MB | 
runtime.js          | runtime | 12.94 kB | 

13 unchanged chunks

Build at: 2025-07-26T22:54:06.037Z - Hash: 1273ebe8c51bec37 - Time: 460ms

✔ Compiled successfully.
✔ Browser application bundle generation complete.

Initial chunk files | Names   | Raw size
main.js             | main    |  1.63 MB | 
runtime.js          | runtime | 12.94 kB | 

13 unchanged chunks

Build at: 2025-07-26T22:54:15.703Z - Hash: adbf30715cfc69dc - Time: 349ms

✔ Compiled successfully.
✔ Browser application bundle generation complete.

Initial chunk files | Names   | Raw size
main.js             | main    |  1.63 MB | 
runtime.js          | runtime | 12.94 kB | 

13 unchanged chunks

Build at: 2025-07-26T22:56:20.329Z - Hash: bb8771977761ea40 - Time: 669ms

✔ Compiled successfully.
✔ Browser application bundle generation complete.

Initial chunk files | Names   | Raw size
main.js             | main    |  1.63 MB | 
runtime.js          | runtime | 12.94 kB | 

13 unchanged chunks

Build at: 2025-07-26T22:56:35.669Z - Hash: 33679201e58d483e - Time: 467ms

✔ Compiled successfully.
✔ Browser application bundle generation complete.

Initial chunk files | Names   | Raw size
main.js             | main    |  1.63 MB | 
runtime.js          | runtime | 12.94 kB | 

13 unchanged chunks

Build at: 2025-07-26T22:57:02.296Z - Hash: c2348069fee84ac1 - Time: 496ms

✔ Compiled successfully.
✔ Browser application bundle generation complete.

Initial chunk files | Names   | Raw size
main.js             | main    |  1.63 MB | 
runtime.js          | runtime | 12.94 kB | 

13 unchanged chunks

Build at: 2025-07-26T22:57:10.847Z - Hash: 7eff7b7e484ed944 - Time: 444ms

✔ Compiled successfully.
✔ Browser application bundle generation complete.

Initial chunk files | Names   | Raw size
main.js             | main    |  1.63 MB | 
runtime.js          | runtime | 12.94 kB | 

13 unchanged chunks

Build at: 2025-07-26T22:57:23.279Z - Hash: 5a6b46fb2c7973e0 - Time: 538ms

✔ Compiled successfully.
✔ Browser application bundle generation complete.

Initial chunk files | Names   | Raw size
main.js             | main    |  1.63 MB | 
runtime.js          | runtime | 12.94 kB | 

13 unchanged chunks

Build at: 2025-07-26T23:01:30.737Z - Hash: f2fb723b2ab8668d - Time: 1342ms

✔ Compiled successfully.
✔ Browser application bundle generation complete.

Initial chunk files | Names   | Raw size
main.js             | main    |  1.63 MB | 
runtime.js          | runtime | 12.94 kB | 

13 unchanged chunks

Build at: 2025-07-26T23:01:53.677Z - Hash: 4a2b4a0e519f975e - Time: 582ms

✔ Compiled successfully.
✔ Browser application bundle generation complete.

Initial chunk files | Names   | Raw size
main.js             | main    |  1.63 MB | 
runtime.js          | runtime | 12.94 kB | 

13 unchanged chunks

Build at: 2025-07-26T23:04:37.579Z - Hash: 4e232508bb5e62eb - Time: 894ms

✔ Compiled successfully.
✔ Browser application bundle generation complete.

Initial chunk files | Names   | Raw size
main.js             | main    |  1.63 MB | 
runtime.js          | runtime | 12.94 kB | 

13 unchanged chunks

Build at: 2025-07-26T23:04:46.834Z - Hash: 0a685f7b60ae4fd6 - Time: 633ms

✔ Compiled successfully.
✔ Browser application bundle generation complete.

Initial chunk files | Names   | Raw size
main.js             | main    |  1.63 MB | 
runtime.js          | runtime | 12.94 kB | 

13 unchanged chunks

Build at: 2025-07-26T23:07:35.547Z - Hash: bc45dd47759c6909 - Time: 686ms

✔ Compiled successfully.
✔ Browser application bundle generation complete.

Initial chunk files | Names   | Raw size
main.js             | main    |  1.63 MB | 
runtime.js          | runtime | 12.94 kB | 

13 unchanged chunks

Build at: 2025-07-26T23:07:42.188Z - Hash: 6d310eb095e3e892 - Time: 445ms

✔ Compiled successfully.
✔ Browser application bundle generation complete.

Initial chunk files | Names   | Raw size
main.js             | main    |  1.63 MB | 
runtime.js          | runtime | 12.94 kB | 

13 unchanged chunks

Build at: 2025-07-26T23:07:50.865Z - Hash: e08dab289d7ffc74 - Time: 746ms

✔ Compiled successfully.
✔ Browser application bundle generation complete.

Initial chunk files | Names   | Raw size
main.js             | main    |  1.63 MB | 
runtime.js          | runtime | 12.94 kB | 

13 unchanged chunks

Build at: 2025-07-26T23:07:56.001Z - Hash: 4d2ca8b03798336a - Time: 516ms

✔ Compiled successfully.
✔ Browser application bundle generation complete.

Initial chunk files                                          | Names              |  Raw size
runtime.js                                                   | runtime            |  12.94 kB | 

Lazy chunk files                                             | Names              |  Raw size
projects_simpi-frontend-web_src_app_steps_steps_module_ts.js | steps-steps-module | 306.25 kB | 

13 unchanged chunks

Build at: 2025-07-26T23:12:01.062Z - Hash: 1cf2c58309d3cb78 - Time: 713ms

✔ Compiled successfully.
✔ Browser application bundle generation complete.

Initial chunk files                                          | Names              |  Raw size
runtime.js                                                   | runtime            |  12.94 kB | 

Lazy chunk files                                             | Names              |  Raw size
projects_simpi-frontend-web_src_app_steps_steps_module_ts.js | steps-steps-module | 306.22 kB | 

13 unchanged chunks

Build at: 2025-07-26T23:12:19.838Z - Hash: 6bdff225c6440a0e - Time: 584ms

✔ Compiled successfully.
✔ Browser application bundle generation complete.

Initial chunk files                                          | Names              |  Raw size
runtime.js                                                   | runtime            |  12.94 kB | 

Lazy chunk files                                             | Names              |  Raw size
projects_simpi-frontend-web_src_app_steps_steps_module_ts.js | steps-steps-module | 306.20 kB | 

13 unchanged chunks

Build at: 2025-07-26T23:12:25.805Z - Hash: 8b75b397b78b5043 - Time: 527ms

✔ Compiled successfully.
✔ Browser application bundle generation complete.

Initial chunk files                                          | Names              |  Raw size
runtime.js                                                   | runtime            |  12.94 kB | 

Lazy chunk files                                             | Names              |  Raw size
projects_simpi-frontend-web_src_app_steps_steps_module_ts.js | steps-steps-module | 306.23 kB | 

13 unchanged chunks

Build at: 2025-07-26T23:12:38.056Z - Hash: 7411ecfff7274391 - Time: 551ms

✔ Compiled successfully.
✔ Browser application bundle generation complete.

Initial chunk files                                          | Names              |  Raw size
runtime.js                                                   | runtime            |  12.94 kB | 

Lazy chunk files                                             | Names              |  Raw size
projects_simpi-frontend-web_src_app_steps_steps_module_ts.js | steps-steps-module | 306.24 kB | 

13 unchanged chunks

Build at: 2025-07-26T23:12:42.816Z - Hash: b83957f3c20555ea - Time: 490ms

✔ Compiled successfully.
✔ Browser application bundle generation complete.

Initial chunk files                                          | Names              |  Raw size
runtime.js                                                   | runtime            |  12.94 kB | 

Lazy chunk files                                             | Names              |  Raw size
projects_simpi-frontend-web_src_app_steps_steps_module_ts.js | steps-steps-module | 305.58 kB | 

13 unchanged chunks

Build at: 2025-07-26T23:12:47.890Z - Hash: 3553c92353510848 - Time: 462ms

✔ Compiled successfully.
✔ Browser application bundle generation complete.

Initial chunk files                                          | Names              |  Raw size
runtime.js                                                   | runtime            |  12.94 kB | 

Lazy chunk files                                             | Names              |  Raw size
projects_simpi-frontend-web_src_app_steps_steps_module_ts.js | steps-steps-module | 305.23 kB | 

13 unchanged chunks

Build at: 2025-07-26T23:12:53.648Z - Hash: f62469322ac8a4f9 - Time: 479ms

✔ Compiled successfully.
✔ Browser application bundle generation complete.

Initial chunk files                                          | Names              |  Raw size
runtime.js                                                   | runtime            |  12.94 kB | 

Lazy chunk files                                             | Names              |  Raw size
projects_simpi-frontend-web_src_app_steps_steps_module_ts.js | steps-steps-module | 304.58 kB | 

13 unchanged chunks

Build at: 2025-07-26T23:12:58.771Z - Hash: 8ca1a4ba1939c1f9 - Time: 499ms

✔ Compiled successfully.
✔ Browser application bundle generation complete.

Initial chunk files                                            | Names                |  Raw size
runtime.js                                                     | runtime              |  12.94 kB | 

Lazy chunk files                                               | Names                |  Raw size
projects_simpi-frontend-web_src_app_steps_steps_module_ts.js   | steps-steps-module   | 304.58 kB | 
projects_simpi-frontend-web_src_app_simpis_simpis_module_ts.js | simpis-simpis-module |  53.94 kB | 

12 unchanged chunks

Build at: 2025-07-26T23:18:48.387Z - Hash: 674606e6b597509a - Time: 942ms

✔ Compiled successfully.
✔ Browser application bundle generation complete.

Initial chunk files                                          | Names              |  Raw size
runtime.js                                                   | runtime            |  12.94 kB | 

Lazy chunk files                                             | Names              |  Raw size
projects_simpi-frontend-web_src_app_steps_steps_module_ts.js | steps-steps-module | 307.54 kB | 

13 unchanged chunks

Build at: 2025-07-26T23:18:53.507Z - Hash: fb02cd87545aa95b - Time: 540ms

✔ Compiled successfully.
✔ Browser application bundle generation complete.

Initial chunk files                                          | Names              |  Raw size
runtime.js                                                   | runtime            |  12.94 kB | 

Lazy chunk files                                             | Names              |  Raw size
projects_simpi-frontend-web_src_app_steps_steps_module_ts.js | steps-steps-module | 307.91 kB | 

13 unchanged chunks

Build at: 2025-07-26T23:18:59.656Z - Hash: 8551eedcd0e6c057 - Time: 470ms

✔ Compiled successfully.
✔ Browser application bundle generation complete.

Initial chunk files | Names   | Raw size
main.js             | main    |  1.63 MB | 
runtime.js          | runtime | 12.94 kB | 

13 unchanged chunks

Build at: 2025-07-26T23:19:08.454Z - Hash: d9554b91177838b6 - Time: 741ms

✔ Compiled successfully.
✔ Browser application bundle generation complete.

Initial chunk files                                          | Names              |  Raw size
runtime.js                                                   | runtime            |  12.94 kB | 

Lazy chunk files                                             | Names              |  Raw size
projects_simpi-frontend-web_src_app_steps_steps_module_ts.js | steps-steps-module | 307.99 kB | 

13 unchanged chunks

Build at: 2025-07-26T23:22:28.997Z - Hash: d27be45677a96f3a - Time: 606ms

✔ Compiled successfully.
✔ Browser application bundle generation complete.

Initial chunk files                                          | Names              |  Raw size
runtime.js                                                   | runtime            |  12.94 kB | 

Lazy chunk files                                             | Names              |  Raw size
projects_simpi-frontend-web_src_app_steps_steps_module_ts.js | steps-steps-module | 312.52 kB | 

13 unchanged chunks

Build at: 2025-07-26T23:22:36.703Z - Hash: b38a65ce653a6cf9 - Time: 441ms

✔ Compiled successfully.
✔ Browser application bundle generation complete.

Initial chunk files | Names   | Raw size
main.js             | main    |  1.63 MB | 
runtime.js          | runtime | 12.94 kB | 

13 unchanged chunks

Build at: 2025-07-26T23:25:00.040Z - Hash: 7220f3971007cae6 - Time: 769ms

✔ Compiled successfully.
✔ Browser application bundle generation complete.

Initial chunk files                                                | Names                    |  Raw size
runtime.js                                                         | runtime                  |  12.94 kB | 

Lazy chunk files                                                   | Names                    |  Raw size
projects_simpi-frontend-web_src_app_products_products_module_ts.js | products-products-module | 177.20 kB | 

13 unchanged chunks

Build at: 2025-07-26T23:30:20.517Z - Hash: 0ff11a231a2807d5 - Time: 894ms

Error: [96mprojects/simpi-frontend-web/src/app/products/components/product-details/product-details.component.html[0m:[93m22[0m:[93m21[0m - [91merror[0m[90m TS2339: [0mProperty 'viewMode' does not exist on type 'ProductDetailsComponent'.

[7m22[0m         <img [src]="viewMode === 'grid' ? 'assets/svg/list.svg' : 'assets/svg/grid.svg'" alt="View mode icon">
[7m  [0m [91m                    ~~~~~~~~[0m

  [96mprojects/simpi-frontend-web/src/app/products/components/product-details/product-details.component.ts[0m:[93m38[0m:[93m16[0m
    [7m38[0m   templateUrl: 'product-details.component.html',
    [7m  [0m [96m               ~~~~~~~~~~~~~~~~~~~~~~~~~~~~~~~~[0m
    Error occurs in the template of component ProductDetailsComponent.


Error: [96mprojects/simpi-frontend-web/src/app/products/components/product-details/product-details.component.html[0m:[93m50[0m:[93m21[0m - [91merror[0m[90m TS2339: [0mProperty 'viewMode' does not exist on type 'ProductDetailsComponent'.

[7m50[0m       <div [class]="viewMode === 'grid' ? 'row row-cols-lg-5 row-cols-md-4 row-cols-sm-3 row-cols-2' : 'simpi-list-container'"
[7m  [0m [91m                    ~~~~~~~~[0m

  [96mprojects/simpi-frontend-web/src/app/products/components/product-details/product-details.component.ts[0m:[93m38[0m:[93m16[0m
    [7m38[0m   templateUrl: 'product-details.component.html',
    [7m  [0m [96m               ~~~~~~~~~~~~~~~~~~~~~~~~~~~~~~~~[0m
    Error occurs in the template of component ProductDetailsComponent.


Error: [96mprojects/simpi-frontend-web/src/app/products/components/product-details/product-details.component.html[0m:[93m54[0m:[93m38[0m - [91merror[0m[90m TS2339: [0mProperty 'viewMode' does not exist on type 'ProductDetailsComponent'.

[7m54[0m            [cdkDropListOrientation]="viewMode === 'grid' ? 'horizontal' : 'vertical'"
[7m  [0m [91m                                     ~~~~~~~~[0m

  [96mprojects/simpi-frontend-web/src/app/products/components/product-details/product-details.component.ts[0m:[93m38[0m:[93m16[0m
    [7m38[0m   templateUrl: 'product-details.component.html',
    [7m  [0m [96m               ~~~~~~~~~~~~~~~~~~~~~~~~~~~~~~~~[0m
    Error occurs in the template of component ProductDetailsComponent.


Error: [96mprojects/simpi-frontend-web/src/app/products/components/product-details/product-details.component.html[0m:[93m56[0m:[93m28[0m - [91merror[0m[90m TS2339: [0mProperty 'viewMode' does not exist on type 'ProductDetailsComponent'.

[7m56[0m         <sim-card [class]="viewMode === 'grid' ? 'col simpi-group-form' : 'simpi-list-item'"
[7m  [0m [91m                           ~~~~~~~~[0m

  [96mprojects/simpi-frontend-web/src/app/products/components/product-details/product-details.component.ts[0m:[93m38[0m:[93m16[0m
    [7m38[0m   templateUrl: 'product-details.component.html',
    [7m  [0m [96m               ~~~~~~~~~~~~~~~~~~~~~~~~~~~~~~~~[0m
    Error occurs in the template of component ProductDetailsComponent.


Error: [96mprojects/simpi-frontend-web/src/app/products/components/product-details/product-details.component.ts[0m:[93m294[0m:[93m10[0m - [91merror[0m[90m TS2339: [0mProperty 'viewMode' does not exist on type 'ProductDetailsComponent'.

[7m294[0m     this.viewMode = this.viewMode === 'grid' ? 'list' : 'grid';
[7m   [0m [91m         ~~~~~~~~[0m


Error: [96mprojects/simpi-frontend-web/src/app/products/components/product-details/product-details.component.ts[0m:[93m294[0m:[93m26[0m - [91merror[0m[90m TS2339: [0mProperty 'viewMode' does not exist on type 'ProductDetailsComponent'.

[7m294[0m     this.viewMode = this.viewMode === 'grid' ? 'list' : 'grid';
[7m   [0m [91m                         ~~~~~~~~[0m




✖ Failed to compile.
✔ Browser application bundle generation complete.

Initial chunk files                                                | Names                    |  Raw size
runtime.js                                                         | runtime                  |  12.94 kB | 

Lazy chunk files                                                   | Names                    |  Raw size
projects_simpi-frontend-web_src_app_products_products_module_ts.js | products-products-module | 177.11 kB | 

13 unchanged chunks

Build at: 2025-07-26T23:30:25.212Z - Hash: 0de692e4263127e5 - Time: 517ms

Error: [96mprojects/simpi-frontend-web/src/app/products/components/product-details/product-details.component.html[0m:[93m21[0m:[93m55[0m - [91merror[0m[90m TS2339: [0mProperty 'toggleViewMode' does not exist on type 'ProductDetailsComponent'.

[7m21[0m       <div class="icon-button" role="button" (click)="toggleViewMode()" title="Toggle View Mode">
[7m  [0m [91m                                                      ~~~~~~~~~~~~~~[0m

  [96mprojects/simpi-frontend-web/src/app/products/components/product-details/product-details.component.ts[0m:[93m38[0m:[93m16[0m
    [7m38[0m   templateUrl: 'product-details.component.html',
    [7m  [0m [96m               ~~~~~~~~~~~~~~~~~~~~~~~~~~~~~~~~[0m
    Error occurs in the template of component ProductDetailsComponent.


Error: [96mprojects/simpi-frontend-web/src/app/products/components/product-details/product-details.component.html[0m:[93m22[0m:[93m21[0m - [91merror[0m[90m TS2339: [0mProperty 'viewMode' does not exist on type 'ProductDetailsComponent'.

[7m22[0m         <img [src]="viewMode === 'grid' ? 'assets/svg/list.svg' : 'assets/svg/grid.svg'" alt="View mode icon">
[7m  [0m [91m                    ~~~~~~~~[0m

  [96mprojects/simpi-frontend-web/src/app/products/components/product-details/product-details.component.ts[0m:[93m38[0m:[93m16[0m
    [7m38[0m   templateUrl: 'product-details.component.html',
    [7m  [0m [96m               ~~~~~~~~~~~~~~~~~~~~~~~~~~~~~~~~[0m
    Error occurs in the template of component ProductDetailsComponent.


Error: [96mprojects/simpi-frontend-web/src/app/products/components/product-details/product-details.component.html[0m:[93m50[0m:[93m21[0m - [91merror[0m[90m TS2339: [0mProperty 'viewMode' does not exist on type 'ProductDetailsComponent'.

[7m50[0m       <div [class]="viewMode === 'grid' ? 'row row-cols-lg-5 row-cols-md-4 row-cols-sm-3 row-cols-2' : 'simpi-list-container'"
[7m  [0m [91m                    ~~~~~~~~[0m

  [96mprojects/simpi-frontend-web/src/app/products/components/product-details/product-details.component.ts[0m:[93m38[0m:[93m16[0m
    [7m38[0m   templateUrl: 'product-details.component.html',
    [7m  [0m [96m               ~~~~~~~~~~~~~~~~~~~~~~~~~~~~~~~~[0m
    Error occurs in the template of component ProductDetailsComponent.


Error: [96mprojects/simpi-frontend-web/src/app/products/components/product-details/product-details.component.html[0m:[93m54[0m:[93m38[0m - [91merror[0m[90m TS2339: [0mProperty 'viewMode' does not exist on type 'ProductDetailsComponent'.

[7m54[0m            [cdkDropListOrientation]="viewMode === 'grid' ? 'horizontal' : 'vertical'"
[7m  [0m [91m                                     ~~~~~~~~[0m

  [96mprojects/simpi-frontend-web/src/app/products/components/product-details/product-details.component.ts[0m:[93m38[0m:[93m16[0m
    [7m38[0m   templateUrl: 'product-details.component.html',
    [7m  [0m [96m               ~~~~~~~~~~~~~~~~~~~~~~~~~~~~~~~~[0m
    Error occurs in the template of component ProductDetailsComponent.


Error: [96mprojects/simpi-frontend-web/src/app/products/components/product-details/product-details.component.html[0m:[93m56[0m:[93m28[0m - [91merror[0m[90m TS2339: [0mProperty 'viewMode' does not exist on type 'ProductDetailsComponent'.

[7m56[0m         <sim-card [class]="viewMode === 'grid' ? 'col simpi-group-form' : 'simpi-list-item'"
[7m  [0m [91m                           ~~~~~~~~[0m

  [96mprojects/simpi-frontend-web/src/app/products/components/product-details/product-details.component.ts[0m:[93m38[0m:[93m16[0m
    [7m38[0m   templateUrl: 'product-details.component.html',
    [7m  [0m [96m               ~~~~~~~~~~~~~~~~~~~~~~~~~~~~~~~~[0m
    Error occurs in the template of component ProductDetailsComponent.




✖ Failed to compile.
✔ Browser application bundle generation complete.

Initial chunk files                                                | Names                    |  Raw size
runtime.js                                                         | runtime                  |  12.94 kB | 

Lazy chunk files                                                   | Names                    |  Raw size
projects_simpi-frontend-web_src_app_products_products_module_ts.js | products-products-module | 175.96 kB | 

13 unchanged chunks

Build at: 2025-07-26T23:30:43.638Z - Hash: b9ccfe8c6d3a6359 - Time: 583ms

Error: [96mprojects/simpi-frontend-web/src/app/products/components/product-details/product-details.component.html[0m:[93m47[0m:[93m21[0m - [91merror[0m[90m TS2339: [0mProperty 'viewMode' does not exist on type 'ProductDetailsComponent'.

[7m47[0m       <div [class]="viewMode === 'grid' ? 'row row-cols-lg-5 row-cols-md-4 row-cols-sm-3 row-cols-2' : 'simpi-list-container'"
[7m  [0m [91m                    ~~~~~~~~[0m

  [96mprojects/simpi-frontend-web/src/app/products/components/product-details/product-details.component.ts[0m:[93m38[0m:[93m16[0m
    [7m38[0m   templateUrl: 'product-details.component.html',
    [7m  [0m [96m               ~~~~~~~~~~~~~~~~~~~~~~~~~~~~~~~~[0m
    Error occurs in the template of component ProductDetailsComponent.


Error: [96mprojects/simpi-frontend-web/src/app/products/components/product-details/product-details.component.html[0m:[93m51[0m:[93m38[0m - [91merror[0m[90m TS2339: [0mProperty 'viewMode' does not exist on type 'ProductDetailsComponent'.

[7m51[0m            [cdkDropListOrientation]="viewMode === 'grid' ? 'horizontal' : 'vertical'"
[7m  [0m [91m                                     ~~~~~~~~[0m

  [96mprojects/simpi-frontend-web/src/app/products/components/product-details/product-details.component.ts[0m:[93m38[0m:[93m16[0m
    [7m38[0m   templateUrl: 'product-details.component.html',
    [7m  [0m [96m               ~~~~~~~~~~~~~~~~~~~~~~~~~~~~~~~~[0m
    Error occurs in the template of component ProductDetailsComponent.


Error: [96mprojects/simpi-frontend-web/src/app/products/components/product-details/product-details.component.html[0m:[93m53[0m:[93m28[0m - [91merror[0m[90m TS2339: [0mProperty 'viewMode' does not exist on type 'ProductDetailsComponent'.

[7m53[0m         <sim-card [class]="viewMode === 'grid' ? 'col simpi-group-form' : 'simpi-list-item'"
[7m  [0m [91m                           ~~~~~~~~[0m

  [96mprojects/simpi-frontend-web/src/app/products/components/product-details/product-details.component.ts[0m:[93m38[0m:[93m16[0m
    [7m38[0m   templateUrl: 'product-details.component.html',
    [7m  [0m [96m               ~~~~~~~~~~~~~~~~~~~~~~~~~~~~~~~~[0m
    Error occurs in the template of component ProductDetailsComponent.




✖ Failed to compile.
✔ Browser application bundle generation complete.

Initial chunk files                                                | Names                    |  Raw size
runtime.js                                                         | runtime                  |  12.94 kB | 

Lazy chunk files                                                   | Names                    |  Raw size
projects_simpi-frontend-web_src_app_products_products_module_ts.js | products-products-module | 175.62 kB | 

13 unchanged chunks

Build at: 2025-07-26T23:31:04.796Z - Hash: 36b21a521ab85d69 - Time: 632ms

✔ Compiled successfully.
✔ Browser application bundle generation complete.

Initial chunk files | Names   | Raw size
main.js             | main    |  1.63 MB | 
runtime.js          | runtime | 12.94 kB | 

13 unchanged chunks

Build at: 2025-07-26T23:39:44.147Z - Hash: 2edca130c8e479d9 - Time: 969ms

✔ Compiled successfully.
✔ Browser application bundle generation complete.

Initial chunk files | Names   | Raw size
main.js             | main    |  1.63 MB | 
runtime.js          | runtime | 12.94 kB | 

13 unchanged chunks

Build at: 2025-07-26T23:39:50.118Z - Hash: ecdb4272b7cace95 - Time: 488ms

✔ Compiled successfully.
✔ Browser application bundle generation complete.

Initial chunk files | Names   | Raw size
main.js             | main    |  1.63 MB | 
runtime.js          | runtime | 12.94 kB | 

13 unchanged chunks

Build at: 2025-07-26T23:40:36.427Z - Hash: 361709136bda04f4 - Time: 743ms

✔ Compiled successfully.
✔ Browser application bundle generation complete.

Initial chunk files | Names   | Raw size
main.js             | main    |  1.64 MB | 
runtime.js          | runtime | 12.94 kB | 

13 unchanged chunks

Build at: 2025-07-27T11:49:40.116Z - Hash: 152ae05fe411470b - Time: 3152ms

✔ Compiled successfully.
✔ Browser application bundle generation complete.

Initial chunk files | Names   | Raw size
main.js             | main    |  1.64 MB | 
runtime.js          | runtime | 12.94 kB | 

13 unchanged chunks

Build at: 2025-07-27T11:49:53.386Z - Hash: ba22e6e8c1845e7a - Time: 567ms

✔ Compiled successfully.
✔ Browser application bundle generation complete.

Initial chunk files | Names   | Raw size
main.js             | main    |  1.66 MB | 
runtime.js          | runtime | 12.94 kB | 

13 unchanged chunks

Build at: 2025-07-27T11:50:41.006Z - Hash: 83f5aaec12f4ed87 - Time: 883ms

✔ Compiled successfully.
✔ Browser application bundle generation complete.

Initial chunk files | Names   | Raw size
main.js             | main    |  1.65 MB | 
runtime.js          | runtime | 12.94 kB | 

13 unchanged chunks

Build at: 2025-07-27T11:50:53.990Z - Hash: d6102aa647437cc0 - Time: 539ms

✔ Compiled successfully.
✔ Browser application bundle generation complete.

Initial chunk files | Names   | Raw size
main.js             | main    |  1.65 MB | 
runtime.js          | runtime | 12.94 kB | 

13 unchanged chunks

Build at: 2025-07-27T12:18:16.063Z - Hash: f264f9e95428807a - Time: 1359ms

✔ Compiled successfully.
✔ Browser application bundle generation complete.

Initial chunk files | Names   | Raw size
main.js             | main    |  1.65 MB | 
runtime.js          | runtime | 12.94 kB | 

13 unchanged chunks

Build at: 2025-07-27T12:18:24.964Z - Hash: 732738a605655aff - Time: 516ms

✔ Compiled successfully.
✔ Browser application bundle generation complete.

Initial chunk files | Names   | Raw size
main.js             | main    |  1.65 MB | 
runtime.js          | runtime | 12.94 kB | 

13 unchanged chunks

Build at: 2025-07-27T12:18:33.959Z - Hash: ceb831d50b69f91f - Time: 508ms

Error: [96mprojects/simpi-frontend-web/src/app/webPlayer/components/webplayer/webplayer.component.html[0m:[93m15[0m:[93m64[0m - [91merror[0m[90m TS2339: [0mProperty 'trackByIndex' does not exist on type 'WebplayerComponent'.

[7m15[0m             *ngFor="let step of steps; let i = index; trackBy: trackByIndex"
[7m  [0m [91m                                                               ~~~~~~~~~~~~[0m

  [96mprojects/simpi-frontend-web/src/app/webPlayer/components/webplayer/webplayer.component.ts[0m:[93m34[0m:[93m16[0m
    [7m34[0m   templateUrl: 'webplayer.component.html',
    [7m  [0m [96m               ~~~~~~~~~~~~~~~~~~~~~~~~~~[0m
    Error occurs in the template of component WebplayerComponent.




✖ Failed to compile.
✔ Browser application bundle generation complete.

Initial chunk files                                                | Names                    |  Raw size
main.js                                                            | main                     |   1.65 MB | 
runtime.js                                                         | runtime                  |  12.94 kB | 

Lazy chunk files                                                   | Names                    |  Raw size
projects_simpi-frontend-web_src_app_products_products_module_ts.js | products-products-module | 175.62 kB | 

12 unchanged chunks

Build at: 2025-07-27T12:19:49.450Z - Hash: 3f46d68dc1ae64ad - Time: 1045ms

✔ Compiled successfully.
✔ Browser application bundle generation complete.

Initial chunk files | Names   | Raw size
main.js             | main    |  1.65 MB | 
runtime.js          | runtime | 12.94 kB | 

13 unchanged chunks

Build at: 2025-07-27T12:19:57.180Z - Hash: a0e838f88ad141c9 - Time: 489ms

✔ Compiled successfully.
✔ Browser application bundle generation complete.

Initial chunk files | Names   | Raw size
main.js             | main    |  1.66 MB | 
runtime.js          | runtime | 12.94 kB | 

13 unchanged chunks

Build at: 2025-07-27T20:25:48.884Z - Hash: 9c239a6ccf743564 - Time: 2856ms

✔ Compiled successfully.
✔ Browser application bundle generation complete.

Initial chunk files | Names   | Raw size
main.js             | main    |  1.66 MB | 
runtime.js          | runtime | 12.94 kB | 

13 unchanged chunks

Build at: 2025-07-27T20:25:58.999Z - Hash: 02e0ba6e425d7ca1 - Time: 535ms

✔ Compiled successfully.
✔ Browser application bundle generation complete.

Initial chunk files | Names   | Raw size
main.js             | main    |  1.66 MB | 
runtime.js          | runtime | 12.94 kB | 

13 unchanged chunks

Build at: 2025-07-27T20:30:52.629Z - Hash: 58fbb49f5bdb5315 - Time: 1974ms

✔ Compiled successfully.
✔ Browser application bundle generation complete.

Initial chunk files | Names   | Raw size
main.js             | main    |  1.66 MB | 
runtime.js          | runtime | 12.94 kB | 

13 unchanged chunks

Build at: 2025-07-27T20:30:58.142Z - Hash: 8ea8de3f84b541a1 - Time: 743ms

✔ Compiled successfully.
✔ Browser application bundle generation complete.

Initial chunk files | Names   | Raw size
main.js             | main    |  1.66 MB | 
runtime.js          | runtime | 12.94 kB | 

13 unchanged chunks

Build at: 2025-07-27T20:32:58.299Z - Hash: dcf528771e224d88 - Time: 472ms

Error: [96mprojects/simpi-frontend-web/src/app/webPlayer/components/webplayer/webplayer.component.html[0m:[93m10[0m:[93m31[0m - [91merror[0m[90m TS2339: [0mProperty 'totalProgress' does not exist on type 'WebplayerComponent'.

[7m10[0m         [attr.aria-valuenow]="totalProgress"
[7m  [0m [91m                              ~~~~~~~~~~~~~[0m

  [96mprojects/simpi-frontend-web/src/app/webPlayer/components/webplayer/webplayer.component.ts[0m:[93m34[0m:[93m16[0m
    [7m34[0m   templateUrl: 'webplayer.component.html',
    [7m  [0m [96m               ~~~~~~~~~~~~~~~~~~~~~~~~~~[0m
    Error occurs in the template of component WebplayerComponent.


Error: [96mprojects/simpi-frontend-web/src/app/webPlayer/components/webplayer/webplayer.component.html[0m:[93m23[0m:[93m32[0m - [91merror[0m[90m TS2339: [0mProperty 'currentStepProgress' does not exist on type 'WebplayerComponent'.

[7m23[0m               [style.width.%]="currentStepProgress"
[7m  [0m [91m                               ~~~~~~~~~~~~~~~~~~~[0m

  [96mprojects/simpi-frontend-web/src/app/webPlayer/components/webplayer/webplayer.component.ts[0m:[93m34[0m:[93m16[0m
    [7m34[0m   templateUrl: 'webplayer.component.html',
    [7m  [0m [96m               ~~~~~~~~~~~~~~~~~~~~~~~~~~[0m
    Error occurs in the template of component WebplayerComponent.


Error: [96mprojects/simpi-frontend-web/src/app/webPlayer/components/webplayer/webplayer.component.html[0m:[93m36[0m:[93m32[0m - [91merror[0m[90m TS2339: [0mProperty 'currentStepProgress' does not exist on type 'WebplayerComponent'.

[7m36[0m               [style.width.%]="currentStepProgress"
[7m  [0m [91m                               ~~~~~~~~~~~~~~~~~~~[0m

  [96mprojects/simpi-frontend-web/src/app/webPlayer/components/webplayer/webplayer.component.ts[0m:[93m34[0m:[93m16[0m
    [7m34[0m   templateUrl: 'webplayer.component.html',
    [7m  [0m [96m               ~~~~~~~~~~~~~~~~~~~~~~~~~~[0m
    Error occurs in the template of component WebplayerComponent.




✖ Failed to compile.
✔ Browser application bundle generation complete.

Initial chunk files | Names   | Raw size
main.js             | main    |  1.66 MB | 
runtime.js          | runtime | 12.94 kB | 

13 unchanged chunks

Build at: 2025-07-27T20:33:05.707Z - Hash: 9b5f41a2e1d1dd7d - Time: 858ms

Error: [96mprojects/simpi-frontend-web/src/app/webPlayer/components/webplayer/webplayer.component.html[0m:[93m10[0m:[93m31[0m - [91merror[0m[90m TS2339: [0mProperty 'totalProgress' does not exist on type 'WebplayerComponent'.

[7m10[0m         [attr.aria-valuenow]="totalProgress"
[7m  [0m [91m                              ~~~~~~~~~~~~~[0m

  [96mprojects/simpi-frontend-web/src/app/webPlayer/components/webplayer/webplayer.component.ts[0m:[93m34[0m:[93m16[0m
    [7m34[0m   templateUrl: 'webplayer.component.html',
    [7m  [0m [96m               ~~~~~~~~~~~~~~~~~~~~~~~~~~[0m
    Error occurs in the template of component WebplayerComponent.


Error: [96mprojects/simpi-frontend-web/src/app/webPlayer/components/webplayer/webplayer.component.html[0m:[93m23[0m:[93m32[0m - [91merror[0m[90m TS2339: [0mProperty 'currentStepProgress' does not exist on type 'WebplayerComponent'.

[7m23[0m               [style.width.%]="currentStepProgress"
[7m  [0m [91m                               ~~~~~~~~~~~~~~~~~~~[0m

  [96mprojects/simpi-frontend-web/src/app/webPlayer/components/webplayer/webplayer.component.ts[0m:[93m34[0m:[93m16[0m
    [7m34[0m   templateUrl: 'webplayer.component.html',
    [7m  [0m [96m               ~~~~~~~~~~~~~~~~~~~~~~~~~~[0m
    Error occurs in the template of component WebplayerComponent.


Error: [96mprojects/simpi-frontend-web/src/app/webPlayer/components/webplayer/webplayer.component.html[0m:[93m36[0m:[93m32[0m - [91merror[0m[90m TS2339: [0mProperty 'currentStepProgress' does not exist on type 'WebplayerComponent'.

[7m36[0m               [style.width.%]="currentStepProgress"
[7m  [0m [91m                               ~~~~~~~~~~~~~~~~~~~[0m

  [96mprojects/simpi-frontend-web/src/app/webPlayer/components/webplayer/webplayer.component.ts[0m:[93m34[0m:[93m16[0m
    [7m34[0m   templateUrl: 'webplayer.component.html',
    [7m  [0m [96m               ~~~~~~~~~~~~~~~~~~~~~~~~~~[0m
    Error occurs in the template of component WebplayerComponent.




✖ Failed to compile.
✔ Browser application bundle generation complete.

Initial chunk files | Names   | Raw size
main.js             | main    |  1.66 MB | 
runtime.js          | runtime | 12.94 kB | 

13 unchanged chunks

Build at: 2025-07-27T20:33:13.221Z - Hash: f2d785618363ff10 - Time: 1008ms

✔ Compiled successfully.
✔ Browser application bundle generation complete.

Initial chunk files | Names   | Raw size
main.js             | main    |  1.66 MB | 
runtime.js          | runtime | 12.94 kB | 

13 unchanged chunks

Build at: 2025-07-27T20:33:21.394Z - Hash: 6aac263f60c6a552 - Time: 504ms

Error: [96mprojects/simpi-frontend-web/src/app/webPlayer/components/webplayer/webplayer.component.ts[0m:[93m177[0m:[93m10[0m - [91merror[0m[90m TS2339: [0mProperty 'clearProgressTracking' does not exist on type 'WebplayerComponent'.

[7m177[0m     this.clearProgressTracking();
[7m   [0m [91m         ~~~~~~~~~~~~~~~~~~~~~[0m




✖ Failed to compile.
✔ Browser application bundle generation complete.

Initial chunk files | Names   | Raw size
main.js             | main    |  1.66 MB | 
runtime.js          | runtime | 12.94 kB | 

13 unchanged chunks

Build at: 2025-07-27T20:33:36.324Z - Hash: 7a25e4af65227af2 - Time: 694ms

Error: [96mprojects/simpi-frontend-web/src/app/webPlayer/components/webplayer/webplayer.component.ts[0m:[93m582[0m:[93m45[0m - [91merror[0m[90m TS2339: [0mProperty 'getVideoElement' does not exist on type 'StepSlideComponent'.

[7m582[0m     const videoElement = this.currentSlide?.getVideoElement?.();
[7m   [0m [91m                                            ~~~~~~~~~~~~~~~[0m




✖ Failed to compile.
✔ Browser application bundle generation complete.

Initial chunk files | Names   | Raw size
main.js             | main    |  1.66 MB | 
runtime.js          | runtime | 12.94 kB | 

13 unchanged chunks

Build at: 2025-07-27T20:33:44.725Z - Hash: e8eded6cecc475e4 - Time: 894ms

Error: [96mprojects/simpi-frontend-web/src/app/webPlayer/components/webplayer/webplayer.component.ts[0m:[93m583[0m:[93m45[0m - [91merror[0m[90m TS2339: [0mProperty 'getVideoElement' does not exist on type 'StepSlideComponent'.

[7m583[0m     const videoElement = this.currentSlide?.getVideoElement?.();
[7m   [0m [91m                                            ~~~~~~~~~~~~~~~[0m




✖ Failed to compile.
✔ Browser application bundle generation complete.

Initial chunk files | Names   | Raw size
main.js             | main    |  1.66 MB | 
runtime.js          | runtime | 12.94 kB | 

13 unchanged chunks

Build at: 2025-07-27T20:33:54.789Z - Hash: 28b50b6899760688 - Time: 508ms

Error: [96mprojects/simpi-frontend-web/src/app/webPlayer/components/webplayer/webplayer.component.ts[0m:[93m586[0m:[93m45[0m - [91merror[0m[90m TS2339: [0mProperty 'getVideoElement' does not exist on type 'StepSlideComponent'.

[7m586[0m     const videoElement = this.currentSlide?.getVideoElement?.();
[7m   [0m [91m                                            ~~~~~~~~~~~~~~~[0m




✖ Failed to compile.
✔ Browser application bundle generation complete.

Initial chunk files | Names   | Raw size
main.js             | main    |  1.66 MB | 
runtime.js          | runtime | 12.94 kB | 

13 unchanged chunks

Build at: 2025-07-27T20:34:00.895Z - Hash: ad5c6e34c6de72a2 - Time: 1253ms

Error: [96mprojects/simpi-frontend-web/src/app/webPlayer/components/webplayer/webplayer.component.ts[0m:[93m587[0m:[93m45[0m - [91merror[0m[90m TS2339: [0mProperty 'getVideoElement' does not exist on type 'StepSlideComponent'.

[7m587[0m     const videoElement = this.currentSlide?.getVideoElement?.();
[7m   [0m [91m                                            ~~~~~~~~~~~~~~~[0m




✖ Failed to compile.
✔ Browser application bundle generation complete.

Initial chunk files | Names   | Raw size
main.js             | main    |  1.66 MB | 
runtime.js          | runtime | 12.94 kB | 

13 unchanged chunks

Build at: 2025-07-27T21:55:24.735Z - Hash: a9c8c5c0bd44ed04 - Time: 2090ms

✔ Compiled successfully.
✔ Browser application bundle generation complete.

Initial chunk files | Names   | Raw size
main.js             | main    |  1.66 MB | 
runtime.js          | runtime | 12.94 kB | 

13 unchanged chunks

Build at: 2025-07-27T21:59:46.149Z - Hash: 267c5dc27d9e091c - Time: 839ms

Error: [96mprojects/simpi-frontend-web/src/app/webPlayer/components/webplayer/webplayer.component.html[0m:[93m9[0m:[93m77[0m - [91merror[0m[90m TS2339: [0mProperty 'totalStepCount' does not exist on type 'WebplayerComponent'.

[7m9[0m         [attr.aria-label]="'Step progress: ' + (swiperIndex + 1) + ' of ' + totalStepCount + ' steps'"
[7m [0m [91m                                                                            ~~~~~~~~~~~~~~[0m

  [96mprojects/simpi-frontend-web/src/app/webPlayer/components/webplayer/webplayer.component.ts[0m:[93m34[0m:[93m16[0m
    [7m34[0m   templateUrl: 'webplayer.component.html',
    [7m  [0m [96m               ~~~~~~~~~~~~~~~~~~~~~~~~~~[0m
    Error occurs in the template of component WebplayerComponent.




✖ Failed to compile.
✔ Browser application bundle generation complete.

Initial chunk files | Names   | Raw size
main.js             | main    |  1.66 MB | 
runtime.js          | runtime | 12.94 kB | 

13 unchanged chunks

Build at: 2025-07-27T21:59:57.959Z - Hash: 7ff1b80c66f6736b - Time: 1103ms

✔ Compiled successfully.
✔ Browser application bundle generation complete.

Initial chunk files | Names   | Raw size
main.js             | main    |  1.66 MB | 
runtime.js          | runtime | 12.94 kB | 

13 unchanged chunks

Build at: 2025-07-27T22:00:06.916Z - Hash: 01b04b55be5298ee - Time: 780ms

✔ Compiled successfully.
✔ Browser application bundle generation complete.

Initial chunk files | Names   | Raw size
main.js             | main    |  1.66 MB | 
runtime.js          | runtime | 12.94 kB | 

13 unchanged chunks

Build at: 2025-07-27T22:00:16.176Z - Hash: 7c92e40967c95542 - Time: 692ms

✔ Compiled successfully.
✔ Browser application bundle generation complete.

Initial chunk files | Names   | Raw size
main.js             | main    |  1.66 MB | 
runtime.js          | runtime | 12.94 kB | 

13 unchanged chunks

Build at: 2025-07-27T22:00:33.695Z - Hash: c02e31d91fdcc661 - Time: 684ms

✔ Compiled successfully.
✔ Browser application bundle generation complete.

Initial chunk files | Names   | Raw size
main.js             | main    |  1.66 MB | 
runtime.js          | runtime | 12.94 kB | 

13 unchanged chunks

Build at: 2025-07-27T22:00:41.340Z - Hash: 52b4dfc3de09f33a - Time: 658ms

✔ Compiled successfully.
✔ Browser application bundle generation complete.

Initial chunk files | Names   | Raw size
main.js             | main    |  1.66 MB | 
runtime.js          | runtime | 12.94 kB | 

13 unchanged chunks

Build at: 2025-07-27T22:00:55.002Z - Hash: b7744a005aa42abd - Time: 684ms

✔ Compiled successfully.
✔ Browser application bundle generation complete.

Initial chunk files | Names   | Raw size
main.js             | main    |  1.66 MB | 
runtime.js          | runtime | 12.94 kB | 

13 unchanged chunks

Build at: 2025-07-27T22:01:03.988Z - Hash: 6aa79738ff4e7653 - Time: 706ms

✔ Compiled successfully.
